2019-09-06 11:04:41 Using payout level of 250.000000000 ARQ for ar3DrXowWeFdrCbwnfSWgchP9SSaMYnsyaU4M2kSwoTFJzZ5zSre6eZQSHxSQWC2y172CvZNUgmtZBzoxNWKHsBR33TWvAZnL+cb251a6275383b91 (default: 1.000000000 ARQ)
2019-09-06 11:04:41 No workers' balances reached the minimum payment threshold
2019-09-06 11:04:41 No workers' balances reached the minimum payment threshold
2019-09-06 11:14:41 Using payout level of 250.000000000 ARQ for ar3DrXowWeFdrCbwnfSWgchP9SSaMYnsyaU4M2kSwoTFJzZ5zSre6eZQSHxSQWC2y172CvZNUgmtZBzoxNWKHsBR33TWvAZnL+cb251a6275383b91 (default: 1.000000000 ARQ)
2019-09-06 11:14:41 No workers' balances reached the minimum payment threshold
2019-09-06 11:14:41 No workers' balances reached the minimum payment threshold
2019-09-06 11:24:41 Using payout level of 250.000000000 ARQ for ar3DrXowWeFdrCbwnfSWgchP9SSaMYnsyaU4M2kSwoTFJzZ5zSre6eZQSHxSQWC2y172CvZNUgmtZBzoxNWKHsBR33TWvAZnL+cb251a6275383b91 (default: 1.000000000 ARQ)
2019-09-06 11:24:41 No workers' balances reached the minimum payment threshold
2019-09-06 11:24:41 No workers' balances reached the minimum payment threshold
2019-09-06 11:34:41 Using payout level of 250.000000000 ARQ for ar3DrXowWeFdrCbwnfSWgchP9SSaMYnsyaU4M2kSwoTFJzZ5zSre6eZQSHxSQWC2y172CvZNUgmtZBzoxNWKHsBR33TWvAZnL+cb251a6275383b91 (default: 1.000000000 ARQ)
2019-09-06 11:34:41 No workers' balances reached the minimum payment threshold
2019-09-06 11:34:41 No workers' balances reached the minimum payment threshold
2019-09-06 11:44:41 Using payout level of 250.000000000 ARQ for ar3DrXowWeFdrCbwnfSWgchP9SSaMYnsyaU4M2kSwoTFJzZ5zSre6eZQSHxSQWC2y172CvZNUgmtZBzoxNWKHsBR33TWvAZnL+cb251a6275383b91 (default: 1.000000000 ARQ)
2019-09-06 11:44:41 No workers' balances reached the minimum payment threshold
2019-09-06 11:44:41 No workers' balances reached the minimum payment threshold
2019-09-06 11:54:41 Using payout level of 250.000000000 ARQ for ar3DrXowWeFdrCbwnfSWgchP9SSaMYnsyaU4M2kSwoTFJzZ5zSre6eZQSHxSQWC2y172CvZNUgmtZBzoxNWKHsBR33TWvAZnL+cb251a6275383b91 (default: 1.000000000 ARQ)
2019-09-06 11:54:41 No workers' balances reached the minimum payment threshold
2019-09-06 11:54:41 No workers' balances reached the minimum payment threshold
2019-09-06 12:04:41 Using payout level of 250.000000000 ARQ for ar3DrXowWeFdrCbwnfSWgchP9SSaMYnsyaU4M2kSwoTFJzZ5zSre6eZQSHxSQWC2y172CvZNUgmtZBzoxNWKHsBR33TWvAZnL+cb251a6275383b91 (default: 1.000000000 ARQ)
2019-09-06 12:04:41 No workers' balances reached the minimum payment threshold
2019-09-06 12:04:41 No workers' balances reached the minimum payment threshold
2019-09-06 12:14:41 Using payout level of 250.000000000 ARQ for ar3DrXowWeFdrCbwnfSWgchP9SSaMYnsyaU4M2kSwoTFJzZ5zSre6eZQSHxSQWC2y172CvZNUgmtZBzoxNWKHsBR33TWvAZnL+cb251a6275383b91 (default: 1.000000000 ARQ)
2019-09-06 12:14:41 No workers' balances reached the minimum payment threshold
2019-09-06 12:14:41 No workers' balances reached the minimum payment threshold
2019-09-06 12:18:13 Started
2019-09-06 12:18:13 Using payout level of 250.000000000 ARQ for ar3DrXowWeFdrCbwnfSWgchP9SSaMYnsyaU4M2kSwoTFJzZ5zSre6eZQSHxSQWC2y172CvZNUgmtZBzoxNWKHsBR33TWvAZnL+cb251a6275383b91 (default: 1.000000000 ARQ)
2019-09-06 12:18:13 No workers' balances reached the minimum payment threshold
2019-09-06 12:18:13 Started
2019-09-06 12:18:13 No workers' balances reached the minimum payment threshold
2019-09-06 12:28:13 Using payout level of 250.000000000 ARQ for ar3DrXowWeFdrCbwnfSWgchP9SSaMYnsyaU4M2kSwoTFJzZ5zSre6eZQSHxSQWC2y172CvZNUgmtZBzoxNWKHsBR33TWvAZnL+cb251a6275383b91 (default: 1.000000000 ARQ)
2019-09-06 12:28:13 No workers' balances reached the minimum payment threshold
2019-09-06 12:28:13 No workers' balances reached the minimum payment threshold
2019-09-06 12:38:13 Using payout level of 250.000000000 ARQ for ar3DrXowWeFdrCbwnfSWgchP9SSaMYnsyaU4M2kSwoTFJzZ5zSre6eZQSHxSQWC2y172CvZNUgmtZBzoxNWKHsBR33TWvAZnL+cb251a6275383b91 (default: 1.000000000 ARQ)
2019-09-06 12:38:13 No workers' balances reached the minimum payment threshold
2019-09-06 12:38:13 No workers' balances reached the minimum payment threshold
2019-09-06 12:48:13 Using payout level of 250.000000000 ARQ for ar3DrXowWeFdrCbwnfSWgchP9SSaMYnsyaU4M2kSwoTFJzZ5zSre6eZQSHxSQWC2y172CvZNUgmtZBzoxNWKHsBR33TWvAZnL+cb251a6275383b91 (default: 1.000000000 ARQ)
2019-09-06 12:48:13 No workers' balances reached the minimum payment threshold
2019-09-06 12:48:13 No workers' balances reached the minimum payment threshold
2019-09-06 12:49:27 Started
2019-09-06 12:49:28 Using payout level of 250.000000000 ARQ for ar3DrXowWeFdrCbwnfSWgchP9SSaMYnsyaU4M2kSwoTFJzZ5zSre6eZQSHxSQWC2y172CvZNUgmtZBzoxNWKHsBR33TWvAZnL+cb251a6275383b91 (default: 1.000000000 ARQ)
2019-09-06 12:49:28 No workers' balances reached the minimum payment threshold
2019-09-06 12:49:27 Started
2019-09-06 12:49:28 No workers' balances reached the minimum payment threshold
2019-09-06 12:59:28 No workers' balances reached the minimum payment threshold
2019-09-06 12:59:28 Using payout level of 250.000000000 ARQ for ar3DrXowWeFdrCbwnfSWgchP9SSaMYnsyaU4M2kSwoTFJzZ5zSre6eZQSHxSQWC2y172CvZNUgmtZBzoxNWKHsBR33TWvAZnL+cb251a6275383b91 (default: 1.000000000 ARQ)
2019-09-06 12:59:28 No workers' balances reached the minimum payment threshold
2019-09-06 13:08:17 Started
2019-09-06 13:08:17 Started
2019-09-06 13:08:17 No workers' balances reached the minimum payment threshold
2019-09-06 13:08:17 Using payout level of 250.000000000 ARQ for ar3DrXowWeFdrCbwnfSWgchP9SSaMYnsyaU4M2kSwoTFJzZ5zSre6eZQSHxSQWC2y172CvZNUgmtZBzoxNWKHsBR33TWvAZnL+cb251a6275383b91 (default: 1.000000000 ARQ)
2019-09-06 13:08:17 No workers' balances reached the minimum payment threshold
2019-09-06 13:11:35 Started
2019-09-06 13:11:35 Using payout level of 250.000000000 ARQ for ar3DrXowWeFdrCbwnfSWgchP9SSaMYnsyaU4M2kSwoTFJzZ5zSre6eZQSHxSQWC2y172CvZNUgmtZBzoxNWKHsBR33TWvAZnL+cb251a6275383b91 (default: 1.000000000 ARQ)
2019-09-06 13:11:35 No workers' balances reached the minimum payment threshold
2019-09-06 13:11:35 Started
2019-09-06 13:11:35 No workers' balances reached the minimum payment threshold
2019-09-06 13:21:35 Using payout level of 250.000000000 ARQ for ar3DrXowWeFdrCbwnfSWgchP9SSaMYnsyaU4M2kSwoTFJzZ5zSre6eZQSHxSQWC2y172CvZNUgmtZBzoxNWKHsBR33TWvAZnL+cb251a6275383b91 (default: 1.000000000 ARQ)
2019-09-06 13:21:35 No workers' balances reached the minimum payment threshold
2019-09-06 13:21:35 No workers' balances reached the minimum payment threshold
2019-09-06 13:22:25 Started
2019-09-06 13:22:25 No workers' balances reached the minimum payment threshold
2019-09-06 13:22:25 Started
2019-09-06 13:22:25 Using payout level of 250.000000000 ARQ for ar3DrXowWeFdrCbwnfSWgchP9SSaMYnsyaU4M2kSwoTFJzZ5zSre6eZQSHxSQWC2y172CvZNUgmtZBzoxNWKHsBR33TWvAZnL+cb251a6275383b91 (default: 1.000000000 ARQ)
2019-09-06 13:22:25 No workers' balances reached the minimum payment threshold
2019-09-06 13:31:13 Started
2019-09-06 13:31:13 No workers' balances reached the minimum payment threshold
2019-09-06 13:31:13 Started
2019-09-06 13:31:13 Using payout level of 250.000000000 ARQ for ar3DrXowWeFdrCbwnfSWgchP9SSaMYnsyaU4M2kSwoTFJzZ5zSre6eZQSHxSQWC2y172CvZNUgmtZBzoxNWKHsBR33TWvAZnL+cb251a6275383b91 (default: 1.000000000 ARQ)
2019-09-06 13:31:13 No workers' balances reached the minimum payment threshold
2019-09-06 13:32:13 Started
2019-09-06 13:32:13 No workers' balances reached the minimum payment threshold
2019-09-06 13:32:13 Started
2019-09-06 13:32:13 No workers' balances reached the minimum payment threshold
2019-09-06 13:42:13 No workers' balances reached the minimum payment threshold
2019-09-06 13:42:13 No workers' balances reached the minimum payment threshold
2019-09-06 13:52:13 No workers' balances reached the minimum payment threshold
2019-09-06 13:52:13 No workers' balances reached the minimum payment threshold
2019-09-06 14:02:13 No workers' balances reached the minimum payment threshold
2019-09-06 14:02:13 No workers' balances reached the minimum payment threshold
2019-09-06 14:12:13 No workers' balances reached the minimum payment threshold
2019-09-06 14:12:13 No workers' balances reached the minimum payment threshold
2019-09-06 14:22:13 No workers' balances reached the minimum payment threshold
2019-09-06 14:22:13 No workers' balances reached the minimum payment threshold
2019-09-06 14:32:13 No workers' balances reached the minimum payment threshold
2019-09-06 14:32:13 No workers' balances reached the minimum payment threshold
2019-09-06 14:42:13 No workers' balances reached the minimum payment threshold
2019-09-06 14:42:13 No workers' balances reached the minimum payment threshold
2019-09-06 14:52:13 No workers' balances reached the minimum payment threshold
2019-09-06 14:52:13 No workers' balances reached the minimum payment threshold
2019-09-06 15:02:13 No workers' balances reached the minimum payment threshold
2019-09-06 15:02:13 No workers' balances reached the minimum payment threshold
2019-09-06 15:12:13 No workers' balances reached the minimum payment threshold
2019-09-06 15:12:13 No workers' balances reached the minimum payment threshold
2019-09-06 15:22:13 No workers' balances reached the minimum payment threshold
2019-09-06 15:22:13 No workers' balances reached the minimum payment threshold
2019-09-06 15:32:13 No workers' balances reached the minimum payment threshold
2019-09-06 15:32:13 No workers' balances reached the minimum payment threshold
2019-09-06 15:42:13 No workers' balances reached the minimum payment threshold
2019-09-06 15:42:13 No workers' balances reached the minimum payment threshold
2019-09-06 15:52:13 No workers' balances reached the minimum payment threshold
2019-09-06 15:52:13 No workers' balances reached the minimum payment threshold
2019-09-06 16:02:13 No workers' balances reached the minimum payment threshold
2019-09-06 16:02:13 No workers' balances reached the minimum payment threshold
2019-09-06 16:12:13 No workers' balances reached the minimum payment threshold
2019-09-06 16:12:13 No workers' balances reached the minimum payment threshold
2019-09-06 16:22:13 No workers' balances reached the minimum payment threshold
2019-09-06 16:22:13 No workers' balances reached the minimum payment threshold
2019-09-06 16:32:13 No workers' balances reached the minimum payment threshold
2019-09-06 16:32:13 No workers' balances reached the minimum payment threshold
2019-09-06 16:42:13 No workers' balances reached the minimum payment threshold
2019-09-06 16:42:13 No workers' balances reached the minimum payment threshold
2019-09-06 16:52:13 No workers' balances reached the minimum payment threshold
2019-09-06 16:52:13 No workers' balances reached the minimum payment threshold
2019-09-06 17:02:13 No workers' balances reached the minimum payment threshold
2019-09-06 17:02:13 No workers' balances reached the minimum payment threshold
2019-09-06 17:12:13 No workers' balances reached the minimum payment threshold
2019-09-06 17:12:13 No workers' balances reached the minimum payment threshold
2019-09-06 17:22:13 No workers' balances reached the minimum payment threshold
2019-09-06 17:22:13 No workers' balances reached the minimum payment threshold
2019-09-06 17:32:13 No workers' balances reached the minimum payment threshold
2019-09-06 17:32:13 No workers' balances reached the minimum payment threshold
2019-09-06 17:42:13 No workers' balances reached the minimum payment threshold
2019-09-06 17:42:13 No workers' balances reached the minimum payment threshold
2019-09-06 17:52:13 No workers' balances reached the minimum payment threshold
2019-09-06 17:52:13 No workers' balances reached the minimum payment threshold
2019-09-06 18:02:13 No workers' balances reached the minimum payment threshold
2019-09-06 18:02:13 No workers' balances reached the minimum payment threshold
2019-09-06 18:12:13 No workers' balances reached the minimum payment threshold
2019-09-06 18:12:13 No workers' balances reached the minimum payment threshold
2019-09-06 18:22:13 No workers' balances reached the minimum payment threshold
2019-09-06 18:22:13 No workers' balances reached the minimum payment threshold
2019-09-06 18:32:13 No workers' balances reached the minimum payment threshold
2019-09-06 18:32:13 No workers' balances reached the minimum payment threshold
2019-09-06 18:42:13 No workers' balances reached the minimum payment threshold
2019-09-06 18:42:13 No workers' balances reached the minimum payment threshold
2019-09-06 18:52:13 No workers' balances reached the minimum payment threshold
2019-09-06 18:52:13 No workers' balances reached the minimum payment threshold
2019-09-06 19:02:13 No workers' balances reached the minimum payment threshold
2019-09-06 19:02:13 No workers' balances reached the minimum payment threshold
2019-09-06 19:12:13 No workers' balances reached the minimum payment threshold
2019-09-06 19:12:13 No workers' balances reached the minimum payment threshold
2019-09-06 19:22:13 No workers' balances reached the minimum payment threshold
2019-09-06 19:22:13 No workers' balances reached the minimum payment threshold
2019-09-06 19:32:13 No workers' balances reached the minimum payment threshold
2019-09-06 19:32:13 No workers' balances reached the minimum payment threshold
2019-09-06 19:42:13 No workers' balances reached the minimum payment threshold
2019-09-06 19:42:13 No workers' balances reached the minimum payment threshold
2019-09-06 19:52:13 No workers' balances reached the minimum payment threshold
2019-09-06 19:52:13 No workers' balances reached the minimum payment threshold
2019-09-06 20:02:13 No workers' balances reached the minimum payment threshold
2019-09-06 20:02:13 No workers' balances reached the minimum payment threshold
2019-09-06 20:12:13 No workers' balances reached the minimum payment threshold
2019-09-06 20:12:13 No workers' balances reached the minimum payment threshold
2019-09-06 20:22:13 No workers' balances reached the minimum payment threshold
2019-09-06 20:22:13 No workers' balances reached the minimum payment threshold
2019-09-06 20:32:13 No workers' balances reached the minimum payment threshold
2019-09-06 20:32:13 No workers' balances reached the minimum payment threshold
2019-09-06 20:42:13 No workers' balances reached the minimum payment threshold
2019-09-06 20:42:13 No workers' balances reached the minimum payment threshold
2019-09-06 20:52:13 No workers' balances reached the minimum payment threshold
2019-09-06 20:52:13 No workers' balances reached the minimum payment threshold
2019-09-06 21:02:13 No workers' balances reached the minimum payment threshold
2019-09-06 21:02:13 No workers' balances reached the minimum payment threshold
2019-09-06 21:12:13 No workers' balances reached the minimum payment threshold
2019-09-06 21:12:13 No workers' balances reached the minimum payment threshold
2019-09-06 21:22:13 No workers' balances reached the minimum payment threshold
2019-09-06 21:22:13 No workers' balances reached the minimum payment threshold
2019-09-06 21:32:13 No workers' balances reached the minimum payment threshold
2019-09-06 21:32:13 No workers' balances reached the minimum payment threshold
2019-09-06 21:42:13 No workers' balances reached the minimum payment threshold
2019-09-06 21:42:13 No workers' balances reached the minimum payment threshold
2019-09-06 21:52:13 No workers' balances reached the minimum payment threshold
2019-09-06 21:52:13 No workers' balances reached the minimum payment threshold
2019-09-06 22:02:13 No workers' balances reached the minimum payment threshold
2019-09-06 22:02:13 No workers' balances reached the minimum payment threshold
2019-09-06 22:12:13 No workers' balances reached the minimum payment threshold
2019-09-06 22:12:13 No workers' balances reached the minimum payment threshold
2019-09-06 22:22:13 No workers' balances reached the minimum payment threshold
2019-09-06 22:22:13 No workers' balances reached the minimum payment threshold
2019-09-06 22:32:13 No workers' balances reached the minimum payment threshold
2019-09-06 22:32:13 No workers' balances reached the minimum payment threshold
2019-09-06 22:42:13 No workers' balances reached the minimum payment threshold
2019-09-06 22:42:13 No workers' balances reached the minimum payment threshold
2019-09-06 22:52:13 No workers' balances reached the minimum payment threshold
2019-09-06 22:52:13 No workers' balances reached the minimum payment threshold
2019-09-06 23:02:13 No workers' balances reached the minimum payment threshold
2019-09-06 23:02:13 No workers' balances reached the minimum payment threshold
2019-09-06 23:12:13 No workers' balances reached the minimum payment threshold
2019-09-06 23:12:13 No workers' balances reached the minimum payment threshold
2019-09-06 23:22:13 No workers' balances reached the minimum payment threshold
2019-09-06 23:22:13 No workers' balances reached the minimum payment threshold
2019-09-06 23:32:13 No workers' balances reached the minimum payment threshold
2019-09-06 23:32:13 No workers' balances reached the minimum payment threshold
2019-09-06 23:42:13 No workers' balances reached the minimum payment threshold
2019-09-06 23:42:13 No workers' balances reached the minimum payment threshold
2019-09-06 23:52:13 No workers' balances reached the minimum payment threshold
2019-09-06 23:52:13 No workers' balances reached the minimum payment threshold
2019-09-07 00:02:13 No workers' balances reached the minimum payment threshold
2019-09-07 00:02:13 No workers' balances reached the minimum payment threshold
2019-09-07 00:12:13 No workers' balances reached the minimum payment threshold
2019-09-07 00:12:13 No workers' balances reached the minimum payment threshold
2019-09-07 00:22:13 No workers' balances reached the minimum payment threshold
2019-09-07 00:22:13 No workers' balances reached the minimum payment threshold
2019-09-07 00:32:13 No workers' balances reached the minimum payment threshold
2019-09-07 00:32:13 No workers' balances reached the minimum payment threshold
2019-09-07 00:42:13 No workers' balances reached the minimum payment threshold
2019-09-07 00:42:13 No workers' balances reached the minimum payment threshold
2019-09-07 00:52:13 No workers' balances reached the minimum payment threshold
2019-09-07 00:52:13 No workers' balances reached the minimum payment threshold
2019-09-07 01:02:13 No workers' balances reached the minimum payment threshold
2019-09-07 01:02:13 No workers' balances reached the minimum payment threshold
2019-09-07 01:12:13 No workers' balances reached the minimum payment threshold
2019-09-07 01:12:13 No workers' balances reached the minimum payment threshold
2019-09-07 01:22:13 No workers' balances reached the minimum payment threshold
2019-09-07 01:22:13 No workers' balances reached the minimum payment threshold
2019-09-07 01:32:13 No workers' balances reached the minimum payment threshold
2019-09-07 01:32:13 No workers' balances reached the minimum payment threshold
2019-09-07 01:42:13 No workers' balances reached the minimum payment threshold
2019-09-07 01:42:13 No workers' balances reached the minimum payment threshold
2019-09-07 01:52:13 No workers' balances reached the minimum payment threshold
2019-09-07 01:52:13 No workers' balances reached the minimum payment threshold
2019-09-07 02:02:13 No workers' balances reached the minimum payment threshold
2019-09-07 02:02:13 No workers' balances reached the minimum payment threshold
2019-09-07 02:12:14 No workers' balances reached the minimum payment threshold
2019-09-07 02:12:13 No workers' balances reached the minimum payment threshold
2019-09-07 02:22:14 No workers' balances reached the minimum payment threshold
2019-09-07 02:22:13 No workers' balances reached the minimum payment threshold
2019-09-07 02:32:14 No workers' balances reached the minimum payment threshold
2019-09-07 02:32:13 No workers' balances reached the minimum payment threshold
2019-09-07 02:42:14 No workers' balances reached the minimum payment threshold
2019-09-07 02:42:13 No workers' balances reached the minimum payment threshold
2019-09-07 02:52:14 No workers' balances reached the minimum payment threshold
2019-09-07 02:52:13 No workers' balances reached the minimum payment threshold
2019-09-07 03:02:14 No workers' balances reached the minimum payment threshold
2019-09-07 03:02:13 No workers' balances reached the minimum payment threshold
2019-09-07 03:12:14 No workers' balances reached the minimum payment threshold
2019-09-07 03:12:13 No workers' balances reached the minimum payment threshold
2019-09-07 03:22:14 No workers' balances reached the minimum payment threshold
2019-09-07 03:22:13 No workers' balances reached the minimum payment threshold
2019-09-07 03:32:14 No workers' balances reached the minimum payment threshold
2019-09-07 03:32:13 No workers' balances reached the minimum payment threshold
2019-09-07 03:42:14 No workers' balances reached the minimum payment threshold
2019-09-07 03:42:13 No workers' balances reached the minimum payment threshold
2019-09-07 03:52:13 No workers' balances reached the minimum payment threshold
2019-09-07 03:52:14 No workers' balances reached the minimum payment threshold
2019-09-07 04:02:13 No workers' balances reached the minimum payment threshold
2019-09-07 04:02:14 No workers' balances reached the minimum payment threshold
2019-09-07 04:12:13 No workers' balances reached the minimum payment threshold
2019-09-07 04:12:14 No workers' balances reached the minimum payment threshold
2019-09-07 04:22:13 No workers' balances reached the minimum payment threshold
2019-09-07 04:22:14 No workers' balances reached the minimum payment threshold
2019-09-07 04:32:13 No workers' balances reached the minimum payment threshold
2019-09-07 04:32:14 No workers' balances reached the minimum payment threshold
2019-09-07 04:42:13 No workers' balances reached the minimum payment threshold
2019-09-07 04:42:14 No workers' balances reached the minimum payment threshold
2019-09-07 04:52:13 No workers' balances reached the minimum payment threshold
2019-09-07 04:52:14 No workers' balances reached the minimum payment threshold
2019-09-07 05:02:13 No workers' balances reached the minimum payment threshold
2019-09-07 05:02:14 No workers' balances reached the minimum payment threshold
2019-09-07 05:12:13 No workers' balances reached the minimum payment threshold
2019-09-07 05:12:14 No workers' balances reached the minimum payment threshold
2019-09-07 05:22:13 No workers' balances reached the minimum payment threshold
2019-09-07 05:22:14 No workers' balances reached the minimum payment threshold
2019-09-07 05:32:13 No workers' balances reached the minimum payment threshold
2019-09-07 05:32:14 No workers' balances reached the minimum payment threshold
2019-09-07 05:42:13 No workers' balances reached the minimum payment threshold
2019-09-07 05:42:14 No workers' balances reached the minimum payment threshold
2019-09-07 05:47:56 Started
2019-09-07 05:47:56 No workers' balances reached the minimum payment threshold
2019-09-07 05:47:56 Started
2019-09-07 05:47:56 No workers' balances reached the minimum payment threshold
2019-09-07 05:57:56 No workers' balances reached the minimum payment threshold
2019-09-07 05:57:56 No workers' balances reached the minimum payment threshold
2019-09-07 05:59:52 Started
2019-09-07 05:59:53 No workers' balances reached the minimum payment threshold
2019-09-07 05:59:53 Started
2019-09-07 05:59:53 Payments splintered and 0 successfully sent, 1 failed
2019-09-07 06:09:53 No workers' balances reached the minimum payment threshold
2019-09-07 06:09:53 Using payout level of 1000.00 PLE for PLeavyiJcNiaoso8CnrYZuQKFJwpmwMHFGVXyh4ptZxCThuZq45VC7tSgcsPUwL3WVHPSrtv8zHCPVocFpNcEYzy5M3fanyQLr (default: 100.00 PLE)
2019-09-07 06:09:53 Payments splintered and 0 successfully sent, 1 failed
2019-09-07 06:19:53 No workers' balances reached the minimum payment threshold
2019-09-07 06:19:53 Using payout level of 1000.00 PLE for PLeavyiJcNiaoso8CnrYZuQKFJwpmwMHFGVXyh4ptZxCThuZq45VC7tSgcsPUwL3WVHPSrtv8zHCPVocFpNcEYzy5M3fanyQLr (default: 100.00 PLE)
2019-09-07 06:19:53 Payments splintered and 0 successfully sent, 1 failed
2019-09-07 06:29:53 No workers' balances reached the minimum payment threshold
2019-09-07 06:29:53 Using payout level of 1000.00 PLE for PLeavyiJcNiaoso8CnrYZuQKFJwpmwMHFGVXyh4ptZxCThuZq45VC7tSgcsPUwL3WVHPSrtv8zHCPVocFpNcEYzy5M3fanyQLr (default: 100.00 PLE)
2019-09-07 06:29:53 Payments sent via wallet daemon {"transactionHash":"41c9a40942e2e85d38ea03efcb2256a05b053fd95652549ded411c2671cd2576"}
2019-09-07 06:29:53 Payment of 4557.79 PLE to PLeavyiJcNiaoso8CnrYZuQKFJwpmwMHFGVXyh4ptZxCThuZq45VC7tSgcsPUwL3WVHPSrtv8zHCPVocFpNcEYzy5M3fanyQLr
2019-09-07 06:29:53 Payments splintered and 1 successfully sent, 0 failed
2019-09-07 06:34:17 Started
2019-09-07 06:34:17 No workers' balances reached the minimum payment threshold
2019-09-07 06:34:17 Started
2019-09-07 06:34:17 Using payout level of 1000.00 PLE for PLeavyiJcNiaoso8CnrYZuQKFJwpmwMHFGVXyh4ptZxCThuZq45VC7tSgcsPUwL3WVHPSrtv8zHCPVocFpNcEYzy5M3fanyQLr (default: 100.00 PLE)
2019-09-07 06:34:17 No workers' balances reached the minimum payment threshold
2019-09-07 06:44:17 No workers' balances reached the minimum payment threshold
2019-09-07 06:44:17 Using payout level of 20000.00 PLE for PLeavyiJcNiaoso8CnrYZuQKFJwpmwMHFGVXyh4ptZxCThuZq45VC7tSgcsPUwL3WVHPSrtv8zHCPVocFpNcEYzy5M3fanyQLr (default: 100.00 PLE)
2019-09-07 06:44:17 No workers' balances reached the minimum payment threshold
2019-09-07 06:54:17 No workers' balances reached the minimum payment threshold
2019-09-07 06:54:17 Using payout level of 20000.00 PLE for PLeavyiJcNiaoso8CnrYZuQKFJwpmwMHFGVXyh4ptZxCThuZq45VC7tSgcsPUwL3WVHPSrtv8zHCPVocFpNcEYzy5M3fanyQLr (default: 100.00 PLE)
2019-09-07 06:54:17 No workers' balances reached the minimum payment threshold
2019-09-07 07:04:17 No workers' balances reached the minimum payment threshold
2019-09-07 07:04:17 Using payout level of 20000.00 PLE for PLeavyiJcNiaoso8CnrYZuQKFJwpmwMHFGVXyh4ptZxCThuZq45VC7tSgcsPUwL3WVHPSrtv8zHCPVocFpNcEYzy5M3fanyQLr (default: 100.00 PLE)
2019-09-07 07:04:17 No workers' balances reached the minimum payment threshold
2019-09-07 07:14:17 No workers' balances reached the minimum payment threshold
2019-09-07 07:14:17 Using payout level of 20000.00 PLE for PLeavyiJcNiaoso8CnrYZuQKFJwpmwMHFGVXyh4ptZxCThuZq45VC7tSgcsPUwL3WVHPSrtv8zHCPVocFpNcEYzy5M3fanyQLr (default: 100.00 PLE)
2019-09-07 07:14:17 No workers' balances reached the minimum payment threshold
2019-09-07 07:24:17 No workers' balances reached the minimum payment threshold
2019-09-07 07:24:17 Using payout level of 20000.00 PLE for PLeavyiJcNiaoso8CnrYZuQKFJwpmwMHFGVXyh4ptZxCThuZq45VC7tSgcsPUwL3WVHPSrtv8zHCPVocFpNcEYzy5M3fanyQLr (default: 100.00 PLE)
2019-09-07 07:24:17 No workers' balances reached the minimum payment threshold
2019-09-07 07:34:17 No workers' balances reached the minimum payment threshold
2019-09-07 07:34:17 Using payout level of 20000.00 PLE for PLeavyiJcNiaoso8CnrYZuQKFJwpmwMHFGVXyh4ptZxCThuZq45VC7tSgcsPUwL3WVHPSrtv8zHCPVocFpNcEYzy5M3fanyQLr (default: 100.00 PLE)
2019-09-07 07:34:17 No workers' balances reached the minimum payment threshold
2019-09-07 07:44:17 No workers' balances reached the minimum payment threshold
2019-09-07 07:44:17 Using payout level of 20000.00 PLE for PLeavyiJcNiaoso8CnrYZuQKFJwpmwMHFGVXyh4ptZxCThuZq45VC7tSgcsPUwL3WVHPSrtv8zHCPVocFpNcEYzy5M3fanyQLr (default: 100.00 PLE)
2019-09-07 07:44:17 No workers' balances reached the minimum payment threshold
2019-09-07 07:54:17 No workers' balances reached the minimum payment threshold
2019-09-07 07:54:17 Using payout level of 20000.00 PLE for PLeavyiJcNiaoso8CnrYZuQKFJwpmwMHFGVXyh4ptZxCThuZq45VC7tSgcsPUwL3WVHPSrtv8zHCPVocFpNcEYzy5M3fanyQLr (default: 100.00 PLE)
2019-09-07 07:54:17 No workers' balances reached the minimum payment threshold
2019-09-07 08:04:17 No workers' balances reached the minimum payment threshold
2019-09-07 08:04:17 Using payout level of 20000.00 PLE for PLeavyiJcNiaoso8CnrYZuQKFJwpmwMHFGVXyh4ptZxCThuZq45VC7tSgcsPUwL3WVHPSrtv8zHCPVocFpNcEYzy5M3fanyQLr (default: 100.00 PLE)
2019-09-07 08:04:17 No workers' balances reached the minimum payment threshold
2019-09-07 08:14:17 No workers' balances reached the minimum payment threshold
2019-09-07 08:14:17 Using payout level of 20000.00 PLE for PLeavyiJcNiaoso8CnrYZuQKFJwpmwMHFGVXyh4ptZxCThuZq45VC7tSgcsPUwL3WVHPSrtv8zHCPVocFpNcEYzy5M3fanyQLr (default: 100.00 PLE)
2019-09-07 08:14:17 No workers' balances reached the minimum payment threshold
2019-09-07 08:24:17 No workers' balances reached the minimum payment threshold
2019-09-07 08:24:17 Using payout level of 20000.00 PLE for PLeavyiJcNiaoso8CnrYZuQKFJwpmwMHFGVXyh4ptZxCThuZq45VC7tSgcsPUwL3WVHPSrtv8zHCPVocFpNcEYzy5M3fanyQLr (default: 100.00 PLE)
2019-09-07 08:24:17 No workers' balances reached the minimum payment threshold
2019-09-07 08:34:17 No workers' balances reached the minimum payment threshold
2019-09-07 08:34:17 Using payout level of 20000.00 PLE for PLeavyiJcNiaoso8CnrYZuQKFJwpmwMHFGVXyh4ptZxCThuZq45VC7tSgcsPUwL3WVHPSrtv8zHCPVocFpNcEYzy5M3fanyQLr (default: 100.00 PLE)
2019-09-07 08:34:17 No workers' balances reached the minimum payment threshold
2019-09-07 08:44:17 No workers' balances reached the minimum payment threshold
2019-09-07 08:44:17 Using payout level of 20000.00 PLE for PLeavyiJcNiaoso8CnrYZuQKFJwpmwMHFGVXyh4ptZxCThuZq45VC7tSgcsPUwL3WVHPSrtv8zHCPVocFpNcEYzy5M3fanyQLr (default: 100.00 PLE)
2019-09-07 08:44:17 No workers' balances reached the minimum payment threshold
2019-09-07 08:54:17 No workers' balances reached the minimum payment threshold
2019-09-07 08:54:17 Using payout level of 20000.00 PLE for PLeavyiJcNiaoso8CnrYZuQKFJwpmwMHFGVXyh4ptZxCThuZq45VC7tSgcsPUwL3WVHPSrtv8zHCPVocFpNcEYzy5M3fanyQLr (default: 100.00 PLE)
2019-09-07 08:54:17 No workers' balances reached the minimum payment threshold
2019-09-07 09:04:17 No workers' balances reached the minimum payment threshold
2019-09-07 09:04:17 Using payout level of 20000.00 PLE for PLeavyiJcNiaoso8CnrYZuQKFJwpmwMHFGVXyh4ptZxCThuZq45VC7tSgcsPUwL3WVHPSrtv8zHCPVocFpNcEYzy5M3fanyQLr (default: 100.00 PLE)
2019-09-07 09:04:17 No workers' balances reached the minimum payment threshold
2019-09-07 09:14:17 No workers' balances reached the minimum payment threshold
2019-09-07 09:14:17 Using payout level of 20000.00 PLE for PLeavyiJcNiaoso8CnrYZuQKFJwpmwMHFGVXyh4ptZxCThuZq45VC7tSgcsPUwL3WVHPSrtv8zHCPVocFpNcEYzy5M3fanyQLr (default: 100.00 PLE)
2019-09-07 09:14:17 No workers' balances reached the minimum payment threshold
2019-09-07 09:24:17 No workers' balances reached the minimum payment threshold
2019-09-07 09:24:17 Using payout level of 20000.00 PLE for PLeavyiJcNiaoso8CnrYZuQKFJwpmwMHFGVXyh4ptZxCThuZq45VC7tSgcsPUwL3WVHPSrtv8zHCPVocFpNcEYzy5M3fanyQLr (default: 100.00 PLE)
2019-09-07 09:24:17 No workers' balances reached the minimum payment threshold
2019-09-07 09:34:17 No workers' balances reached the minimum payment threshold
2019-09-07 09:34:17 Using payout level of 20000.00 PLE for PLeavyiJcNiaoso8CnrYZuQKFJwpmwMHFGVXyh4ptZxCThuZq45VC7tSgcsPUwL3WVHPSrtv8zHCPVocFpNcEYzy5M3fanyQLr (default: 100.00 PLE)
2019-09-07 09:34:17 No workers' balances reached the minimum payment threshold
2019-09-07 09:44:17 No workers' balances reached the minimum payment threshold
2019-09-07 09:44:17 Using payout level of 20000.00 PLE for PLeavyiJcNiaoso8CnrYZuQKFJwpmwMHFGVXyh4ptZxCThuZq45VC7tSgcsPUwL3WVHPSrtv8zHCPVocFpNcEYzy5M3fanyQLr (default: 100.00 PLE)
2019-09-07 09:44:17 No workers' balances reached the minimum payment threshold
2019-09-07 09:54:17 No workers' balances reached the minimum payment threshold
2019-09-07 09:54:17 Using payout level of 20000.00 PLE for PLeavyiJcNiaoso8CnrYZuQKFJwpmwMHFGVXyh4ptZxCThuZq45VC7tSgcsPUwL3WVHPSrtv8zHCPVocFpNcEYzy5M3fanyQLr (default: 100.00 PLE)
2019-09-07 09:54:17 No workers' balances reached the minimum payment threshold
2019-09-07 10:04:17 No workers' balances reached the minimum payment threshold
2019-09-07 10:04:17 Using payout level of 20000.00 PLE for PLeavyiJcNiaoso8CnrYZuQKFJwpmwMHFGVXyh4ptZxCThuZq45VC7tSgcsPUwL3WVHPSrtv8zHCPVocFpNcEYzy5M3fanyQLr (default: 100.00 PLE)
2019-09-07 10:04:17 No workers' balances reached the minimum payment threshold
2019-09-07 10:14:17 No workers' balances reached the minimum payment threshold
2019-09-07 10:14:17 Using payout level of 20000.00 PLE for PLeavyiJcNiaoso8CnrYZuQKFJwpmwMHFGVXyh4ptZxCThuZq45VC7tSgcsPUwL3WVHPSrtv8zHCPVocFpNcEYzy5M3fanyQLr (default: 100.00 PLE)
2019-09-07 10:14:17 No workers' balances reached the minimum payment threshold
2019-09-07 10:24:17 No workers' balances reached the minimum payment threshold
2019-09-07 10:24:17 Using payout level of 20000.00 PLE for PLeavyiJcNiaoso8CnrYZuQKFJwpmwMHFGVXyh4ptZxCThuZq45VC7tSgcsPUwL3WVHPSrtv8zHCPVocFpNcEYzy5M3fanyQLr (default: 100.00 PLE)
2019-09-07 10:24:17 No workers' balances reached the minimum payment threshold
2019-09-07 10:34:17 No workers' balances reached the minimum payment threshold
2019-09-07 10:34:17 Using payout level of 20000.00 PLE for PLeavyiJcNiaoso8CnrYZuQKFJwpmwMHFGVXyh4ptZxCThuZq45VC7tSgcsPUwL3WVHPSrtv8zHCPVocFpNcEYzy5M3fanyQLr (default: 100.00 PLE)
2019-09-07 10:34:17 No workers' balances reached the minimum payment threshold
2019-09-07 10:44:17 No workers' balances reached the minimum payment threshold
2019-09-07 10:44:17 Using payout level of 20000.00 PLE for PLeavyiJcNiaoso8CnrYZuQKFJwpmwMHFGVXyh4ptZxCThuZq45VC7tSgcsPUwL3WVHPSrtv8zHCPVocFpNcEYzy5M3fanyQLr (default: 100.00 PLE)
2019-09-07 10:44:17 No workers' balances reached the minimum payment threshold
2019-09-07 10:54:17 No workers' balances reached the minimum payment threshold
2019-09-07 10:54:17 Using payout level of 20000.00 PLE for PLeavyiJcNiaoso8CnrYZuQKFJwpmwMHFGVXyh4ptZxCThuZq45VC7tSgcsPUwL3WVHPSrtv8zHCPVocFpNcEYzy5M3fanyQLr (default: 100.00 PLE)
2019-09-07 10:54:17 No workers' balances reached the minimum payment threshold
2019-09-07 11:04:17 No workers' balances reached the minimum payment threshold
2019-09-07 11:04:17 Using payout level of 20000.00 PLE for PLeavyiJcNiaoso8CnrYZuQKFJwpmwMHFGVXyh4ptZxCThuZq45VC7tSgcsPUwL3WVHPSrtv8zHCPVocFpNcEYzy5M3fanyQLr (default: 100.00 PLE)
2019-09-07 11:04:17 No workers' balances reached the minimum payment threshold
2019-09-07 11:14:17 No workers' balances reached the minimum payment threshold
2019-09-07 11:14:17 Using payout level of 20000.00 PLE for PLeavyiJcNiaoso8CnrYZuQKFJwpmwMHFGVXyh4ptZxCThuZq45VC7tSgcsPUwL3WVHPSrtv8zHCPVocFpNcEYzy5M3fanyQLr (default: 100.00 PLE)
2019-09-07 11:14:17 No workers' balances reached the minimum payment threshold
2019-09-07 11:24:17 No workers' balances reached the minimum payment threshold
2019-09-07 11:24:17 Using payout level of 20000.00 PLE for PLeavyiJcNiaoso8CnrYZuQKFJwpmwMHFGVXyh4ptZxCThuZq45VC7tSgcsPUwL3WVHPSrtv8zHCPVocFpNcEYzy5M3fanyQLr (default: 100.00 PLE)
2019-09-07 11:24:17 No workers' balances reached the minimum payment threshold
2019-09-07 11:34:17 No workers' balances reached the minimum payment threshold
2019-09-07 11:34:17 Using payout level of 20000.00 PLE for PLeavyiJcNiaoso8CnrYZuQKFJwpmwMHFGVXyh4ptZxCThuZq45VC7tSgcsPUwL3WVHPSrtv8zHCPVocFpNcEYzy5M3fanyQLr (default: 100.00 PLE)
2019-09-07 11:34:20 Payments sent via wallet daemon {"transactionHash":"413eda005d88d84a8875e4a3f044138e2d965ef3c427c5f8ca07426f3c3a3b42"}
2019-09-07 11:34:20 Payment of 22736.41 PLE to PLeavyiJcNiaoso8CnrYZuQKFJwpmwMHFGVXyh4ptZxCThuZq45VC7tSgcsPUwL3WVHPSrtv8zHCPVocFpNcEYzy5M3fanyQLr
2019-09-07 11:34:20 Payments splintered and 1 successfully sent, 0 failed
2019-09-07 11:44:17 No workers' balances reached the minimum payment threshold
2019-09-07 11:44:20 Using payout level of 20000.00 PLE for PLeavyiJcNiaoso8CnrYZuQKFJwpmwMHFGVXyh4ptZxCThuZq45VC7tSgcsPUwL3WVHPSrtv8zHCPVocFpNcEYzy5M3fanyQLr (default: 100.00 PLE)
2019-09-07 11:44:20 No workers' balances reached the minimum payment threshold
2019-09-07 11:54:17 No workers' balances reached the minimum payment threshold
2019-09-07 11:54:20 Using payout level of 20000.00 PLE for PLeavyiJcNiaoso8CnrYZuQKFJwpmwMHFGVXyh4ptZxCThuZq45VC7tSgcsPUwL3WVHPSrtv8zHCPVocFpNcEYzy5M3fanyQLr (default: 100.00 PLE)
2019-09-07 11:54:20 No workers' balances reached the minimum payment threshold
2019-09-07 12:04:17 No workers' balances reached the minimum payment threshold
2019-09-07 12:04:20 Using payout level of 20000.00 PLE for PLeavyiJcNiaoso8CnrYZuQKFJwpmwMHFGVXyh4ptZxCThuZq45VC7tSgcsPUwL3WVHPSrtv8zHCPVocFpNcEYzy5M3fanyQLr (default: 100.00 PLE)
2019-09-07 12:04:20 No workers' balances reached the minimum payment threshold
2019-09-07 12:14:17 No workers' balances reached the minimum payment threshold
2019-09-07 12:14:20 Using payout level of 20000.00 PLE for PLeavyiJcNiaoso8CnrYZuQKFJwpmwMHFGVXyh4ptZxCThuZq45VC7tSgcsPUwL3WVHPSrtv8zHCPVocFpNcEYzy5M3fanyQLr (default: 100.00 PLE)
2019-09-07 12:14:20 No workers' balances reached the minimum payment threshold
2019-09-07 12:24:17 No workers' balances reached the minimum payment threshold
2019-09-07 12:24:20 Using payout level of 20000.00 PLE for PLeavyiJcNiaoso8CnrYZuQKFJwpmwMHFGVXyh4ptZxCThuZq45VC7tSgcsPUwL3WVHPSrtv8zHCPVocFpNcEYzy5M3fanyQLr (default: 100.00 PLE)
2019-09-07 12:24:20 No workers' balances reached the minimum payment threshold
2019-09-07 12:34:17 No workers' balances reached the minimum payment threshold
2019-09-07 12:34:20 Using payout level of 20000.00 PLE for PLeavyiJcNiaoso8CnrYZuQKFJwpmwMHFGVXyh4ptZxCThuZq45VC7tSgcsPUwL3WVHPSrtv8zHCPVocFpNcEYzy5M3fanyQLr (default: 100.00 PLE)
2019-09-07 12:34:20 No workers' balances reached the minimum payment threshold
2019-09-07 12:44:17 No workers' balances reached the minimum payment threshold
2019-09-07 12:44:20 Using payout level of 20000.00 PLE for PLeavyiJcNiaoso8CnrYZuQKFJwpmwMHFGVXyh4ptZxCThuZq45VC7tSgcsPUwL3WVHPSrtv8zHCPVocFpNcEYzy5M3fanyQLr (default: 100.00 PLE)
2019-09-07 12:44:20 No workers' balances reached the minimum payment threshold
2019-09-07 12:54:17 No workers' balances reached the minimum payment threshold
2019-09-07 12:54:20 Using payout level of 20000.00 PLE for PLeavyiJcNiaoso8CnrYZuQKFJwpmwMHFGVXyh4ptZxCThuZq45VC7tSgcsPUwL3WVHPSrtv8zHCPVocFpNcEYzy5M3fanyQLr (default: 100.00 PLE)
2019-09-07 12:54:20 No workers' balances reached the minimum payment threshold
2019-09-07 13:04:17 No workers' balances reached the minimum payment threshold
2019-09-07 13:04:20 Using payout level of 20000.00 PLE for PLeavyiJcNiaoso8CnrYZuQKFJwpmwMHFGVXyh4ptZxCThuZq45VC7tSgcsPUwL3WVHPSrtv8zHCPVocFpNcEYzy5M3fanyQLr (default: 100.00 PLE)
2019-09-07 13:04:20 No workers' balances reached the minimum payment threshold
2019-09-07 13:14:17 No workers' balances reached the minimum payment threshold
2019-09-07 13:14:20 Using payout level of 20000.00 PLE for PLeavyiJcNiaoso8CnrYZuQKFJwpmwMHFGVXyh4ptZxCThuZq45VC7tSgcsPUwL3WVHPSrtv8zHCPVocFpNcEYzy5M3fanyQLr (default: 100.00 PLE)
2019-09-07 13:14:20 No workers' balances reached the minimum payment threshold
2019-09-07 13:24:17 No workers' balances reached the minimum payment threshold
2019-09-07 13:24:20 Using payout level of 20000.00 PLE for PLeavyiJcNiaoso8CnrYZuQKFJwpmwMHFGVXyh4ptZxCThuZq45VC7tSgcsPUwL3WVHPSrtv8zHCPVocFpNcEYzy5M3fanyQLr (default: 100.00 PLE)
2019-09-07 13:24:20 No workers' balances reached the minimum payment threshold
2019-09-07 13:34:17 No workers' balances reached the minimum payment threshold
2019-09-07 13:34:20 Using payout level of 20000.00 PLE for PLeavyiJcNiaoso8CnrYZuQKFJwpmwMHFGVXyh4ptZxCThuZq45VC7tSgcsPUwL3WVHPSrtv8zHCPVocFpNcEYzy5M3fanyQLr (default: 100.00 PLE)
2019-09-07 13:34:20 No workers' balances reached the minimum payment threshold
2019-09-07 13:44:17 No workers' balances reached the minimum payment threshold
2019-09-07 13:44:20 Using payout level of 20000.00 PLE for PLeavyiJcNiaoso8CnrYZuQKFJwpmwMHFGVXyh4ptZxCThuZq45VC7tSgcsPUwL3WVHPSrtv8zHCPVocFpNcEYzy5M3fanyQLr (default: 100.00 PLE)
2019-09-07 13:44:20 No workers' balances reached the minimum payment threshold
2019-09-07 13:54:17 No workers' balances reached the minimum payment threshold
2019-09-07 13:54:20 Using payout level of 20000.00 PLE for PLeavyiJcNiaoso8CnrYZuQKFJwpmwMHFGVXyh4ptZxCThuZq45VC7tSgcsPUwL3WVHPSrtv8zHCPVocFpNcEYzy5M3fanyQLr (default: 100.00 PLE)
2019-09-07 13:54:20 No workers' balances reached the minimum payment threshold
2019-09-07 14:04:17 No workers' balances reached the minimum payment threshold
2019-09-07 14:04:20 Using payout level of 20000.00 PLE for PLeavyiJcNiaoso8CnrYZuQKFJwpmwMHFGVXyh4ptZxCThuZq45VC7tSgcsPUwL3WVHPSrtv8zHCPVocFpNcEYzy5M3fanyQLr (default: 100.00 PLE)
2019-09-07 14:04:20 No workers' balances reached the minimum payment threshold
2019-09-07 14:14:17 No workers' balances reached the minimum payment threshold
2019-09-07 14:14:20 Using payout level of 20000.00 PLE for PLeavyiJcNiaoso8CnrYZuQKFJwpmwMHFGVXyh4ptZxCThuZq45VC7tSgcsPUwL3WVHPSrtv8zHCPVocFpNcEYzy5M3fanyQLr (default: 100.00 PLE)
2019-09-07 14:14:20 No workers' balances reached the minimum payment threshold
2019-09-07 14:24:17 No workers' balances reached the minimum payment threshold
2019-09-07 14:24:20 Using payout level of 20000.00 PLE for PLeavyiJcNiaoso8CnrYZuQKFJwpmwMHFGVXyh4ptZxCThuZq45VC7tSgcsPUwL3WVHPSrtv8zHCPVocFpNcEYzy5M3fanyQLr (default: 100.00 PLE)
2019-09-07 14:24:20 No workers' balances reached the minimum payment threshold
2019-09-07 14:34:17 No workers' balances reached the minimum payment threshold
2019-09-07 14:34:20 Using payout level of 20000.00 PLE for PLeavyiJcNiaoso8CnrYZuQKFJwpmwMHFGVXyh4ptZxCThuZq45VC7tSgcsPUwL3WVHPSrtv8zHCPVocFpNcEYzy5M3fanyQLr (default: 100.00 PLE)
2019-09-07 14:34:20 No workers' balances reached the minimum payment threshold
2019-09-07 14:44:17 No workers' balances reached the minimum payment threshold
2019-09-07 14:44:20 Using payout level of 20000.00 PLE for PLeavyiJcNiaoso8CnrYZuQKFJwpmwMHFGVXyh4ptZxCThuZq45VC7tSgcsPUwL3WVHPSrtv8zHCPVocFpNcEYzy5M3fanyQLr (default: 100.00 PLE)
2019-09-07 14:44:20 No workers' balances reached the minimum payment threshold
2019-09-07 14:54:17 No workers' balances reached the minimum payment threshold
2019-09-07 14:54:20 Using payout level of 20000.00 PLE for PLeavyiJcNiaoso8CnrYZuQKFJwpmwMHFGVXyh4ptZxCThuZq45VC7tSgcsPUwL3WVHPSrtv8zHCPVocFpNcEYzy5M3fanyQLr (default: 100.00 PLE)
2019-09-07 14:54:20 No workers' balances reached the minimum payment threshold
2019-09-07 15:04:17 No workers' balances reached the minimum payment threshold
2019-09-07 15:04:20 Using payout level of 20000.00 PLE for PLeavyiJcNiaoso8CnrYZuQKFJwpmwMHFGVXyh4ptZxCThuZq45VC7tSgcsPUwL3WVHPSrtv8zHCPVocFpNcEYzy5M3fanyQLr (default: 100.00 PLE)
2019-09-07 15:04:20 No workers' balances reached the minimum payment threshold
2019-09-07 15:14:17 No workers' balances reached the minimum payment threshold
2019-09-07 15:14:20 Using payout level of 20000.00 PLE for PLeavyiJcNiaoso8CnrYZuQKFJwpmwMHFGVXyh4ptZxCThuZq45VC7tSgcsPUwL3WVHPSrtv8zHCPVocFpNcEYzy5M3fanyQLr (default: 100.00 PLE)
2019-09-07 15:14:20 No workers' balances reached the minimum payment threshold
2019-09-07 15:24:17 No workers' balances reached the minimum payment threshold
2019-09-07 15:24:20 Using payout level of 20000.00 PLE for PLeavyiJcNiaoso8CnrYZuQKFJwpmwMHFGVXyh4ptZxCThuZq45VC7tSgcsPUwL3WVHPSrtv8zHCPVocFpNcEYzy5M3fanyQLr (default: 100.00 PLE)
2019-09-07 15:24:20 No workers' balances reached the minimum payment threshold
2019-09-07 15:34:17 No workers' balances reached the minimum payment threshold
2019-09-07 15:34:20 Using payout level of 20000.00 PLE for PLeavyiJcNiaoso8CnrYZuQKFJwpmwMHFGVXyh4ptZxCThuZq45VC7tSgcsPUwL3WVHPSrtv8zHCPVocFpNcEYzy5M3fanyQLr (default: 100.00 PLE)
2019-09-07 15:34:20 No workers' balances reached the minimum payment threshold
2019-09-07 15:44:17 No workers' balances reached the minimum payment threshold
2019-09-07 15:44:20 Using payout level of 20000.00 PLE for PLeavyiJcNiaoso8CnrYZuQKFJwpmwMHFGVXyh4ptZxCThuZq45VC7tSgcsPUwL3WVHPSrtv8zHCPVocFpNcEYzy5M3fanyQLr (default: 100.00 PLE)
2019-09-07 15:44:20 No workers' balances reached the minimum payment threshold
2019-09-07 15:54:17 No workers' balances reached the minimum payment threshold
2019-09-07 15:54:20 Using payout level of 20000.00 PLE for PLeavyiJcNiaoso8CnrYZuQKFJwpmwMHFGVXyh4ptZxCThuZq45VC7tSgcsPUwL3WVHPSrtv8zHCPVocFpNcEYzy5M3fanyQLr (default: 100.00 PLE)
2019-09-07 15:54:20 No workers' balances reached the minimum payment threshold
2019-09-07 16:04:17 No workers' balances reached the minimum payment threshold
2019-09-07 16:04:20 Using payout level of 20000.00 PLE for PLeavyiJcNiaoso8CnrYZuQKFJwpmwMHFGVXyh4ptZxCThuZq45VC7tSgcsPUwL3WVHPSrtv8zHCPVocFpNcEYzy5M3fanyQLr (default: 100.00 PLE)
2019-09-07 16:04:20 No workers' balances reached the minimum payment threshold
2019-09-07 16:14:17 No workers' balances reached the minimum payment threshold
2019-09-07 16:14:20 Using payout level of 20000.00 PLE for PLeavyiJcNiaoso8CnrYZuQKFJwpmwMHFGVXyh4ptZxCThuZq45VC7tSgcsPUwL3WVHPSrtv8zHCPVocFpNcEYzy5M3fanyQLr (default: 100.00 PLE)
2019-09-07 16:14:20 No workers' balances reached the minimum payment threshold
2019-09-07 16:24:17 No workers' balances reached the minimum payment threshold
2019-09-07 16:24:20 Using payout level of 20000.00 PLE for PLeavyiJcNiaoso8CnrYZuQKFJwpmwMHFGVXyh4ptZxCThuZq45VC7tSgcsPUwL3WVHPSrtv8zHCPVocFpNcEYzy5M3fanyQLr (default: 100.00 PLE)
2019-09-07 16:24:20 No workers' balances reached the minimum payment threshold
2019-09-07 16:34:17 No workers' balances reached the minimum payment threshold
2019-09-07 16:34:20 Using payout level of 20000.00 PLE for PLeavyiJcNiaoso8CnrYZuQKFJwpmwMHFGVXyh4ptZxCThuZq45VC7tSgcsPUwL3WVHPSrtv8zHCPVocFpNcEYzy5M3fanyQLr (default: 100.00 PLE)
2019-09-07 16:34:20 No workers' balances reached the minimum payment threshold
2019-09-07 16:44:17 No workers' balances reached the minimum payment threshold
2019-09-07 16:44:20 Using payout level of 20000.00 PLE for PLeavyiJcNiaoso8CnrYZuQKFJwpmwMHFGVXyh4ptZxCThuZq45VC7tSgcsPUwL3WVHPSrtv8zHCPVocFpNcEYzy5M3fanyQLr (default: 100.00 PLE)
2019-09-07 16:44:20 No workers' balances reached the minimum payment threshold
2019-09-07 16:54:17 No workers' balances reached the minimum payment threshold
2019-09-07 16:54:20 Using payout level of 20000.00 PLE for PLeavyiJcNiaoso8CnrYZuQKFJwpmwMHFGVXyh4ptZxCThuZq45VC7tSgcsPUwL3WVHPSrtv8zHCPVocFpNcEYzy5M3fanyQLr (default: 100.00 PLE)
2019-09-07 16:54:20 No workers' balances reached the minimum payment threshold
2019-09-07 17:04:17 No workers' balances reached the minimum payment threshold
2019-09-07 17:04:20 Using payout level of 20000.00 PLE for PLeavyiJcNiaoso8CnrYZuQKFJwpmwMHFGVXyh4ptZxCThuZq45VC7tSgcsPUwL3WVHPSrtv8zHCPVocFpNcEYzy5M3fanyQLr (default: 100.00 PLE)
2019-09-07 17:04:20 No workers' balances reached the minimum payment threshold
2019-09-07 17:14:17 No workers' balances reached the minimum payment threshold
2019-09-07 17:14:20 Using payout level of 20000.00 PLE for PLeavyiJcNiaoso8CnrYZuQKFJwpmwMHFGVXyh4ptZxCThuZq45VC7tSgcsPUwL3WVHPSrtv8zHCPVocFpNcEYzy5M3fanyQLr (default: 100.00 PLE)
2019-09-07 17:14:22 Payments sent via wallet daemon {"transactionHash":"fe70598aa669f43100399f740b87dcc3c42549bd0e267153119c5b42ec39118b"}
2019-09-07 17:14:22 Payment of 22788.95 PLE to PLeavyiJcNiaoso8CnrYZuQKFJwpmwMHFGVXyh4ptZxCThuZq45VC7tSgcsPUwL3WVHPSrtv8zHCPVocFpNcEYzy5M3fanyQLr
2019-09-07 17:14:22 Payments splintered and 1 successfully sent, 0 failed
2019-09-07 17:24:17 No workers' balances reached the minimum payment threshold
2019-09-07 17:24:22 Using payout level of 20000.00 PLE for PLeavyiJcNiaoso8CnrYZuQKFJwpmwMHFGVXyh4ptZxCThuZq45VC7tSgcsPUwL3WVHPSrtv8zHCPVocFpNcEYzy5M3fanyQLr (default: 100.00 PLE)
2019-09-07 17:24:22 No workers' balances reached the minimum payment threshold
2019-09-07 17:34:17 No workers' balances reached the minimum payment threshold
2019-09-07 17:34:22 Using payout level of 20000.00 PLE for PLeavyiJcNiaoso8CnrYZuQKFJwpmwMHFGVXyh4ptZxCThuZq45VC7tSgcsPUwL3WVHPSrtv8zHCPVocFpNcEYzy5M3fanyQLr (default: 100.00 PLE)
2019-09-07 17:34:22 No workers' balances reached the minimum payment threshold
2019-09-07 17:44:17 No workers' balances reached the minimum payment threshold
2019-09-07 17:44:22 Using payout level of 20000.00 PLE for PLeavyiJcNiaoso8CnrYZuQKFJwpmwMHFGVXyh4ptZxCThuZq45VC7tSgcsPUwL3WVHPSrtv8zHCPVocFpNcEYzy5M3fanyQLr (default: 100.00 PLE)
2019-09-07 17:44:22 No workers' balances reached the minimum payment threshold
2019-09-07 17:54:17 Using payout level of 100.000000000 ARQ for ar3DrXowWeFdrCbwnfSWgchP9SSaMYnsyaU4M2kSwoTFJzZ5zSre6eZQSHxSQWC2y172CvZNUgmtZBzoxNWKHsBR33TWvAZnL+cb251a6275383b91 (default: 1.000000000 ARQ)
2019-09-07 17:54:17 No workers' balances reached the minimum payment threshold
2019-09-07 17:54:22 Using payout level of 20000.00 PLE for PLeavyiJcNiaoso8CnrYZuQKFJwpmwMHFGVXyh4ptZxCThuZq45VC7tSgcsPUwL3WVHPSrtv8zHCPVocFpNcEYzy5M3fanyQLr (default: 100.00 PLE)
2019-09-07 17:54:22 No workers' balances reached the minimum payment threshold
2019-09-07 18:04:17 Using payout level of 100.000000000 ARQ for ar3DrXowWeFdrCbwnfSWgchP9SSaMYnsyaU4M2kSwoTFJzZ5zSre6eZQSHxSQWC2y172CvZNUgmtZBzoxNWKHsBR33TWvAZnL+cb251a6275383b91 (default: 1.000000000 ARQ)
2019-09-07 18:04:17 No workers' balances reached the minimum payment threshold
2019-09-07 18:04:22 Using payout level of 20000.00 PLE for PLeavyiJcNiaoso8CnrYZuQKFJwpmwMHFGVXyh4ptZxCThuZq45VC7tSgcsPUwL3WVHPSrtv8zHCPVocFpNcEYzy5M3fanyQLr (default: 100.00 PLE)
2019-09-07 18:04:22 No workers' balances reached the minimum payment threshold
2019-09-07 18:14:17 Using payout level of 100.000000000 ARQ for ar3DrXowWeFdrCbwnfSWgchP9SSaMYnsyaU4M2kSwoTFJzZ5zSre6eZQSHxSQWC2y172CvZNUgmtZBzoxNWKHsBR33TWvAZnL+cb251a6275383b91 (default: 1.000000000 ARQ)
2019-09-07 18:14:17 No workers' balances reached the minimum payment threshold
2019-09-07 18:14:22 Using payout level of 20000.00 PLE for PLeavyiJcNiaoso8CnrYZuQKFJwpmwMHFGVXyh4ptZxCThuZq45VC7tSgcsPUwL3WVHPSrtv8zHCPVocFpNcEYzy5M3fanyQLr (default: 100.00 PLE)
2019-09-07 18:14:22 No workers' balances reached the minimum payment threshold
2019-09-07 18:24:17 Using payout level of 100.000000000 ARQ for ar3DrXowWeFdrCbwnfSWgchP9SSaMYnsyaU4M2kSwoTFJzZ5zSre6eZQSHxSQWC2y172CvZNUgmtZBzoxNWKHsBR33TWvAZnL+cb251a6275383b91 (default: 1.000000000 ARQ)
2019-09-07 18:24:17 No workers' balances reached the minimum payment threshold
2019-09-07 18:24:22 Using payout level of 20000.00 PLE for PLeavyiJcNiaoso8CnrYZuQKFJwpmwMHFGVXyh4ptZxCThuZq45VC7tSgcsPUwL3WVHPSrtv8zHCPVocFpNcEYzy5M3fanyQLr (default: 100.00 PLE)
2019-09-07 18:24:22 No workers' balances reached the minimum payment threshold
2019-09-07 18:34:17 Using payout level of 100.000000000 ARQ for ar3DrXowWeFdrCbwnfSWgchP9SSaMYnsyaU4M2kSwoTFJzZ5zSre6eZQSHxSQWC2y172CvZNUgmtZBzoxNWKHsBR33TWvAZnL+cb251a6275383b91 (default: 1.000000000 ARQ)
2019-09-07 18:34:17 No workers' balances reached the minimum payment threshold
2019-09-07 18:34:22 Using payout level of 20000.00 PLE for PLeavyiJcNiaoso8CnrYZuQKFJwpmwMHFGVXyh4ptZxCThuZq45VC7tSgcsPUwL3WVHPSrtv8zHCPVocFpNcEYzy5M3fanyQLr (default: 100.00 PLE)
2019-09-07 18:34:22 No workers' balances reached the minimum payment threshold
2019-09-07 18:44:17 Using payout level of 100.000000000 ARQ for ar3DrXowWeFdrCbwnfSWgchP9SSaMYnsyaU4M2kSwoTFJzZ5zSre6eZQSHxSQWC2y172CvZNUgmtZBzoxNWKHsBR33TWvAZnL+cb251a6275383b91 (default: 1.000000000 ARQ)
2019-09-07 18:44:17 No workers' balances reached the minimum payment threshold
2019-09-07 18:44:22 Using payout level of 20000.00 PLE for PLeavyiJcNiaoso8CnrYZuQKFJwpmwMHFGVXyh4ptZxCThuZq45VC7tSgcsPUwL3WVHPSrtv8zHCPVocFpNcEYzy5M3fanyQLr (default: 100.00 PLE)
2019-09-07 18:44:22 No workers' balances reached the minimum payment threshold
2019-09-07 18:54:17 Using payout level of 100.000000000 ARQ for ar3DrXowWeFdrCbwnfSWgchP9SSaMYnsyaU4M2kSwoTFJzZ5zSre6eZQSHxSQWC2y172CvZNUgmtZBzoxNWKHsBR33TWvAZnL+cb251a6275383b91 (default: 1.000000000 ARQ)
2019-09-07 18:54:17 No workers' balances reached the minimum payment threshold
2019-09-07 18:54:22 Using payout level of 20000.00 PLE for PLeavyiJcNiaoso8CnrYZuQKFJwpmwMHFGVXyh4ptZxCThuZq45VC7tSgcsPUwL3WVHPSrtv8zHCPVocFpNcEYzy5M3fanyQLr (default: 100.00 PLE)
2019-09-07 18:54:22 No workers' balances reached the minimum payment threshold
2019-09-07 19:04:17 Using payout level of 100.000000000 ARQ for ar3DrXowWeFdrCbwnfSWgchP9SSaMYnsyaU4M2kSwoTFJzZ5zSre6eZQSHxSQWC2y172CvZNUgmtZBzoxNWKHsBR33TWvAZnL+cb251a6275383b91 (default: 1.000000000 ARQ)
2019-09-07 19:04:17 No workers' balances reached the minimum payment threshold
2019-09-07 19:04:22 Using payout level of 20000.00 PLE for PLeavyiJcNiaoso8CnrYZuQKFJwpmwMHFGVXyh4ptZxCThuZq45VC7tSgcsPUwL3WVHPSrtv8zHCPVocFpNcEYzy5M3fanyQLr (default: 100.00 PLE)
2019-09-07 19:04:22 No workers' balances reached the minimum payment threshold
2019-09-07 19:14:17 Using payout level of 100.000000000 ARQ for ar3DrXowWeFdrCbwnfSWgchP9SSaMYnsyaU4M2kSwoTFJzZ5zSre6eZQSHxSQWC2y172CvZNUgmtZBzoxNWKHsBR33TWvAZnL+cb251a6275383b91 (default: 1.000000000 ARQ)
2019-09-07 19:14:17 No workers' balances reached the minimum payment threshold
2019-09-07 19:14:22 Using payout level of 20000.00 PLE for PLeavyiJcNiaoso8CnrYZuQKFJwpmwMHFGVXyh4ptZxCThuZq45VC7tSgcsPUwL3WVHPSrtv8zHCPVocFpNcEYzy5M3fanyQLr (default: 100.00 PLE)
2019-09-07 19:14:22 No workers' balances reached the minimum payment threshold
2019-09-07 19:24:17 Using payout level of 100.000000000 ARQ for ar3DrXowWeFdrCbwnfSWgchP9SSaMYnsyaU4M2kSwoTFJzZ5zSre6eZQSHxSQWC2y172CvZNUgmtZBzoxNWKHsBR33TWvAZnL+cb251a6275383b91 (default: 1.000000000 ARQ)
2019-09-07 19:24:17 No workers' balances reached the minimum payment threshold
2019-09-07 19:24:22 Using payout level of 20000.00 PLE for PLeavyiJcNiaoso8CnrYZuQKFJwpmwMHFGVXyh4ptZxCThuZq45VC7tSgcsPUwL3WVHPSrtv8zHCPVocFpNcEYzy5M3fanyQLr (default: 100.00 PLE)
2019-09-07 19:24:22 No workers' balances reached the minimum payment threshold
2019-09-07 19:34:17 Using payout level of 100.000000000 ARQ for ar3DrXowWeFdrCbwnfSWgchP9SSaMYnsyaU4M2kSwoTFJzZ5zSre6eZQSHxSQWC2y172CvZNUgmtZBzoxNWKHsBR33TWvAZnL+cb251a6275383b91 (default: 1.000000000 ARQ)
2019-09-07 19:34:17 No workers' balances reached the minimum payment threshold
2019-09-07 19:34:22 Using payout level of 20000.00 PLE for PLeavyiJcNiaoso8CnrYZuQKFJwpmwMHFGVXyh4ptZxCThuZq45VC7tSgcsPUwL3WVHPSrtv8zHCPVocFpNcEYzy5M3fanyQLr (default: 100.00 PLE)
2019-09-07 19:34:22 No workers' balances reached the minimum payment threshold
2019-09-07 19:44:17 Using payout level of 100.000000000 ARQ for ar3DrXowWeFdrCbwnfSWgchP9SSaMYnsyaU4M2kSwoTFJzZ5zSre6eZQSHxSQWC2y172CvZNUgmtZBzoxNWKHsBR33TWvAZnL+cb251a6275383b91 (default: 1.000000000 ARQ)
2019-09-07 19:44:17 No workers' balances reached the minimum payment threshold
2019-09-07 19:44:22 Using payout level of 20000.00 PLE for PLeavyiJcNiaoso8CnrYZuQKFJwpmwMHFGVXyh4ptZxCThuZq45VC7tSgcsPUwL3WVHPSrtv8zHCPVocFpNcEYzy5M3fanyQLr (default: 100.00 PLE)
2019-09-07 19:44:22 No workers' balances reached the minimum payment threshold
2019-09-07 19:54:17 Using payout level of 100.000000000 ARQ for ar3DrXowWeFdrCbwnfSWgchP9SSaMYnsyaU4M2kSwoTFJzZ5zSre6eZQSHxSQWC2y172CvZNUgmtZBzoxNWKHsBR33TWvAZnL+cb251a6275383b91 (default: 1.000000000 ARQ)
2019-09-07 19:54:17 No workers' balances reached the minimum payment threshold
2019-09-07 19:54:22 Using payout level of 20000.00 PLE for PLeavyiJcNiaoso8CnrYZuQKFJwpmwMHFGVXyh4ptZxCThuZq45VC7tSgcsPUwL3WVHPSrtv8zHCPVocFpNcEYzy5M3fanyQLr (default: 100.00 PLE)
2019-09-07 19:54:22 No workers' balances reached the minimum payment threshold
2019-09-07 20:04:17 Using payout level of 100.000000000 ARQ for ar3DrXowWeFdrCbwnfSWgchP9SSaMYnsyaU4M2kSwoTFJzZ5zSre6eZQSHxSQWC2y172CvZNUgmtZBzoxNWKHsBR33TWvAZnL+cb251a6275383b91 (default: 1.000000000 ARQ)
2019-09-07 20:04:17 No workers' balances reached the minimum payment threshold
2019-09-07 20:04:22 Using payout level of 20000.00 PLE for PLeavyiJcNiaoso8CnrYZuQKFJwpmwMHFGVXyh4ptZxCThuZq45VC7tSgcsPUwL3WVHPSrtv8zHCPVocFpNcEYzy5M3fanyQLr (default: 100.00 PLE)
2019-09-07 20:04:22 No workers' balances reached the minimum payment threshold
2019-09-07 20:14:17 Using payout level of 100.000000000 ARQ for ar3DrXowWeFdrCbwnfSWgchP9SSaMYnsyaU4M2kSwoTFJzZ5zSre6eZQSHxSQWC2y172CvZNUgmtZBzoxNWKHsBR33TWvAZnL+cb251a6275383b91 (default: 1.000000000 ARQ)
2019-09-07 20:14:17 No workers' balances reached the minimum payment threshold
2019-09-07 20:14:22 Using payout level of 20000.00 PLE for PLeavyiJcNiaoso8CnrYZuQKFJwpmwMHFGVXyh4ptZxCThuZq45VC7tSgcsPUwL3WVHPSrtv8zHCPVocFpNcEYzy5M3fanyQLr (default: 100.00 PLE)
2019-09-07 20:14:22 No workers' balances reached the minimum payment threshold
2019-09-07 20:24:17 Using payout level of 100.000000000 ARQ for ar3DrXowWeFdrCbwnfSWgchP9SSaMYnsyaU4M2kSwoTFJzZ5zSre6eZQSHxSQWC2y172CvZNUgmtZBzoxNWKHsBR33TWvAZnL+cb251a6275383b91 (default: 1.000000000 ARQ)
2019-09-07 20:24:17 No workers' balances reached the minimum payment threshold
2019-09-07 20:24:22 Using payout level of 20000.00 PLE for PLeavyiJcNiaoso8CnrYZuQKFJwpmwMHFGVXyh4ptZxCThuZq45VC7tSgcsPUwL3WVHPSrtv8zHCPVocFpNcEYzy5M3fanyQLr (default: 100.00 PLE)
2019-09-07 20:24:22 No workers' balances reached the minimum payment threshold
2019-09-07 20:34:17 Using payout level of 100.000000000 ARQ for ar3DrXowWeFdrCbwnfSWgchP9SSaMYnsyaU4M2kSwoTFJzZ5zSre6eZQSHxSQWC2y172CvZNUgmtZBzoxNWKHsBR33TWvAZnL+cb251a6275383b91 (default: 1.000000000 ARQ)
2019-09-07 20:34:17 No workers' balances reached the minimum payment threshold
2019-09-07 20:34:22 Using payout level of 20000.00 PLE for PLeavyiJcNiaoso8CnrYZuQKFJwpmwMHFGVXyh4ptZxCThuZq45VC7tSgcsPUwL3WVHPSrtv8zHCPVocFpNcEYzy5M3fanyQLr (default: 100.00 PLE)
2019-09-07 20:34:22 No workers' balances reached the minimum payment threshold
2019-09-07 20:44:17 Using payout level of 100.000000000 ARQ for ar3DrXowWeFdrCbwnfSWgchP9SSaMYnsyaU4M2kSwoTFJzZ5zSre6eZQSHxSQWC2y172CvZNUgmtZBzoxNWKHsBR33TWvAZnL+cb251a6275383b91 (default: 1.000000000 ARQ)
2019-09-07 20:44:17 No workers' balances reached the minimum payment threshold
2019-09-07 20:44:22 Using payout level of 20000.00 PLE for PLeavyiJcNiaoso8CnrYZuQKFJwpmwMHFGVXyh4ptZxCThuZq45VC7tSgcsPUwL3WVHPSrtv8zHCPVocFpNcEYzy5M3fanyQLr (default: 100.00 PLE)
2019-09-07 20:44:22 No workers' balances reached the minimum payment threshold
2019-09-07 20:54:17 Using payout level of 100.000000000 ARQ for ar3DrXowWeFdrCbwnfSWgchP9SSaMYnsyaU4M2kSwoTFJzZ5zSre6eZQSHxSQWC2y172CvZNUgmtZBzoxNWKHsBR33TWvAZnL+cb251a6275383b91 (default: 1.000000000 ARQ)
2019-09-07 20:54:17 No workers' balances reached the minimum payment threshold
2019-09-07 20:54:22 Using payout level of 20000.00 PLE for PLeavyiJcNiaoso8CnrYZuQKFJwpmwMHFGVXyh4ptZxCThuZq45VC7tSgcsPUwL3WVHPSrtv8zHCPVocFpNcEYzy5M3fanyQLr (default: 100.00 PLE)
2019-09-07 20:54:22 No workers' balances reached the minimum payment threshold
2019-09-07 21:04:17 Using payout level of 100.000000000 ARQ for ar3DrXowWeFdrCbwnfSWgchP9SSaMYnsyaU4M2kSwoTFJzZ5zSre6eZQSHxSQWC2y172CvZNUgmtZBzoxNWKHsBR33TWvAZnL+cb251a6275383b91 (default: 1.000000000 ARQ)
2019-09-07 21:04:17 No workers' balances reached the minimum payment threshold
2019-09-07 21:04:22 Using payout level of 20000.00 PLE for PLeavyiJcNiaoso8CnrYZuQKFJwpmwMHFGVXyh4ptZxCThuZq45VC7tSgcsPUwL3WVHPSrtv8zHCPVocFpNcEYzy5M3fanyQLr (default: 100.00 PLE)
2019-09-07 21:04:22 No workers' balances reached the minimum payment threshold
2019-09-07 21:14:17 Using payout level of 100.000000000 ARQ for ar3DrXowWeFdrCbwnfSWgchP9SSaMYnsyaU4M2kSwoTFJzZ5zSre6eZQSHxSQWC2y172CvZNUgmtZBzoxNWKHsBR33TWvAZnL+cb251a6275383b91 (default: 1.000000000 ARQ)
2019-09-07 21:14:17 No workers' balances reached the minimum payment threshold
2019-09-07 21:14:22 Using payout level of 20000.00 PLE for PLeavyiJcNiaoso8CnrYZuQKFJwpmwMHFGVXyh4ptZxCThuZq45VC7tSgcsPUwL3WVHPSrtv8zHCPVocFpNcEYzy5M3fanyQLr (default: 100.00 PLE)
2019-09-07 21:14:22 No workers' balances reached the minimum payment threshold
2019-09-07 21:24:17 Using payout level of 10.000000000 ARQ for ar3DrXowWeFdrCbwnfSWgchP9SSaMYnsyaU4M2kSwoTFJzZ5zSre6eZQSHxSQWC2y172CvZNUgmtZBzoxNWKHsBR33TWvAZnL+cb251a6275383b91 (default: 1.000000000 ARQ)
2019-09-07 21:24:17 Payments splintered and 0 successfully sent, 1 failed
2019-09-07 21:24:22 Using payout level of 20000.00 PLE for PLeavyiJcNiaoso8CnrYZuQKFJwpmwMHFGVXyh4ptZxCThuZq45VC7tSgcsPUwL3WVHPSrtv8zHCPVocFpNcEYzy5M3fanyQLr (default: 100.00 PLE)
2019-09-07 21:24:22 No workers' balances reached the minimum payment threshold
2019-09-07 21:34:17 Using payout level of 10.000000000 ARQ for ar3DrXowWeFdrCbwnfSWgchP9SSaMYnsyaU4M2kSwoTFJzZ5zSre6eZQSHxSQWC2y172CvZNUgmtZBzoxNWKHsBR33TWvAZnL+cb251a6275383b91 (default: 1.000000000 ARQ)
2019-09-07 21:34:17 Payments splintered and 0 successfully sent, 1 failed
2019-09-07 21:34:22 Using payout level of 20000.00 PLE for PLeavyiJcNiaoso8CnrYZuQKFJwpmwMHFGVXyh4ptZxCThuZq45VC7tSgcsPUwL3WVHPSrtv8zHCPVocFpNcEYzy5M3fanyQLr (default: 100.00 PLE)
2019-09-07 21:34:22 No workers' balances reached the minimum payment threshold
2019-09-07 21:44:17 Using payout level of 10.000000000 ARQ for ar3DrXowWeFdrCbwnfSWgchP9SSaMYnsyaU4M2kSwoTFJzZ5zSre6eZQSHxSQWC2y172CvZNUgmtZBzoxNWKHsBR33TWvAZnL+cb251a6275383b91 (default: 1.000000000 ARQ)
2019-09-07 21:44:17 Payments splintered and 0 successfully sent, 1 failed
2019-09-07 21:44:22 Using payout level of 20000.00 PLE for PLeavyiJcNiaoso8CnrYZuQKFJwpmwMHFGVXyh4ptZxCThuZq45VC7tSgcsPUwL3WVHPSrtv8zHCPVocFpNcEYzy5M3fanyQLr (default: 100.00 PLE)
2019-09-07 21:44:22 No workers' balances reached the minimum payment threshold
2019-09-07 21:54:17 Using payout level of 250.000000000 ARQ for ar3DrXowWeFdrCbwnfSWgchP9SSaMYnsyaU4M2kSwoTFJzZ5zSre6eZQSHxSQWC2y172CvZNUgmtZBzoxNWKHsBR33TWvAZnL+cb251a6275383b91 (default: 1.000000000 ARQ)
2019-09-07 21:54:17 No workers' balances reached the minimum payment threshold
2019-09-07 21:54:22 Using payout level of 20000.00 PLE for PLeavyiJcNiaoso8CnrYZuQKFJwpmwMHFGVXyh4ptZxCThuZq45VC7tSgcsPUwL3WVHPSrtv8zHCPVocFpNcEYzy5M3fanyQLr (default: 100.00 PLE)
2019-09-07 21:54:22 No workers' balances reached the minimum payment threshold
2019-09-07 22:04:17 Using payout level of 250.000000000 ARQ for ar3DrXowWeFdrCbwnfSWgchP9SSaMYnsyaU4M2kSwoTFJzZ5zSre6eZQSHxSQWC2y172CvZNUgmtZBzoxNWKHsBR33TWvAZnL+cb251a6275383b91 (default: 1.000000000 ARQ)
2019-09-07 22:04:17 No workers' balances reached the minimum payment threshold
2019-09-07 22:04:22 Using payout level of 20000.00 PLE for PLeavyiJcNiaoso8CnrYZuQKFJwpmwMHFGVXyh4ptZxCThuZq45VC7tSgcsPUwL3WVHPSrtv8zHCPVocFpNcEYzy5M3fanyQLr (default: 100.00 PLE)
2019-09-07 22:04:22 No workers' balances reached the minimum payment threshold
2019-09-07 22:14:17 Using payout level of 250.000000000 ARQ for ar3DrXowWeFdrCbwnfSWgchP9SSaMYnsyaU4M2kSwoTFJzZ5zSre6eZQSHxSQWC2y172CvZNUgmtZBzoxNWKHsBR33TWvAZnL+cb251a6275383b91 (default: 1.000000000 ARQ)
2019-09-07 22:14:17 No workers' balances reached the minimum payment threshold
2019-09-07 22:14:22 Using payout level of 20000.00 PLE for PLeavyiJcNiaoso8CnrYZuQKFJwpmwMHFGVXyh4ptZxCThuZq45VC7tSgcsPUwL3WVHPSrtv8zHCPVocFpNcEYzy5M3fanyQLr (default: 100.00 PLE)
2019-09-07 22:14:22 No workers' balances reached the minimum payment threshold
2019-09-07 22:24:17 Using payout level of 250.000000000 ARQ for ar3DrXowWeFdrCbwnfSWgchP9SSaMYnsyaU4M2kSwoTFJzZ5zSre6eZQSHxSQWC2y172CvZNUgmtZBzoxNWKHsBR33TWvAZnL+cb251a6275383b91 (default: 1.000000000 ARQ)
2019-09-07 22:24:17 No workers' balances reached the minimum payment threshold
2019-09-07 22:24:22 Using payout level of 20000.00 PLE for PLeavyiJcNiaoso8CnrYZuQKFJwpmwMHFGVXyh4ptZxCThuZq45VC7tSgcsPUwL3WVHPSrtv8zHCPVocFpNcEYzy5M3fanyQLr (default: 100.00 PLE)
2019-09-07 22:24:22 No workers' balances reached the minimum payment threshold
2019-09-07 22:34:17 Using payout level of 250.000000000 ARQ for ar3DrXowWeFdrCbwnfSWgchP9SSaMYnsyaU4M2kSwoTFJzZ5zSre6eZQSHxSQWC2y172CvZNUgmtZBzoxNWKHsBR33TWvAZnL+cb251a6275383b91 (default: 1.000000000 ARQ)
2019-09-07 22:34:17 No workers' balances reached the minimum payment threshold
2019-09-07 22:34:22 Using payout level of 20000.00 PLE for PLeavyiJcNiaoso8CnrYZuQKFJwpmwMHFGVXyh4ptZxCThuZq45VC7tSgcsPUwL3WVHPSrtv8zHCPVocFpNcEYzy5M3fanyQLr (default: 100.00 PLE)
2019-09-07 22:34:22 No workers' balances reached the minimum payment threshold
2019-09-07 22:44:17 Using payout level of 250.000000000 ARQ for ar3DrXowWeFdrCbwnfSWgchP9SSaMYnsyaU4M2kSwoTFJzZ5zSre6eZQSHxSQWC2y172CvZNUgmtZBzoxNWKHsBR33TWvAZnL+cb251a6275383b91 (default: 1.000000000 ARQ)
2019-09-07 22:44:17 No workers' balances reached the minimum payment threshold
2019-09-07 22:44:22 Using payout level of 20000.00 PLE for PLeavyiJcNiaoso8CnrYZuQKFJwpmwMHFGVXyh4ptZxCThuZq45VC7tSgcsPUwL3WVHPSrtv8zHCPVocFpNcEYzy5M3fanyQLr (default: 100.00 PLE)
2019-09-07 22:44:22 No workers' balances reached the minimum payment threshold
2019-09-07 22:54:17 Using payout level of 250.000000000 ARQ for ar3DrXowWeFdrCbwnfSWgchP9SSaMYnsyaU4M2kSwoTFJzZ5zSre6eZQSHxSQWC2y172CvZNUgmtZBzoxNWKHsBR33TWvAZnL+cb251a6275383b91 (default: 1.000000000 ARQ)
2019-09-07 22:54:17 No workers' balances reached the minimum payment threshold
2019-09-07 22:54:22 Using payout level of 20000.00 PLE for PLeavyiJcNiaoso8CnrYZuQKFJwpmwMHFGVXyh4ptZxCThuZq45VC7tSgcsPUwL3WVHPSrtv8zHCPVocFpNcEYzy5M3fanyQLr (default: 100.00 PLE)
2019-09-07 22:54:23 Payments sent via wallet daemon {"transactionHash":"5fd0d7fe83bb28ae7c90e9add53823ecdd8f747c4dc72c7a5f2d8ae41dccd873"}
2019-09-07 22:54:23 Payment of 22988.06 PLE to PLeavyiJcNiaoso8CnrYZuQKFJwpmwMHFGVXyh4ptZxCThuZq45VC7tSgcsPUwL3WVHPSrtv8zHCPVocFpNcEYzy5M3fanyQLr
2019-09-07 22:54:23 Payments splintered and 1 successfully sent, 0 failed
2019-09-07 23:04:17 Using payout level of 250.000000000 ARQ for ar3DrXowWeFdrCbwnfSWgchP9SSaMYnsyaU4M2kSwoTFJzZ5zSre6eZQSHxSQWC2y172CvZNUgmtZBzoxNWKHsBR33TWvAZnL+cb251a6275383b91 (default: 1.000000000 ARQ)
2019-09-07 23:04:17 No workers' balances reached the minimum payment threshold
2019-09-07 23:04:23 Using payout level of 20000.00 PLE for PLeavyiJcNiaoso8CnrYZuQKFJwpmwMHFGVXyh4ptZxCThuZq45VC7tSgcsPUwL3WVHPSrtv8zHCPVocFpNcEYzy5M3fanyQLr (default: 100.00 PLE)
2019-09-07 23:04:23 No workers' balances reached the minimum payment threshold
2019-09-07 23:14:17 Using payout level of 250.000000000 ARQ for ar3DrXowWeFdrCbwnfSWgchP9SSaMYnsyaU4M2kSwoTFJzZ5zSre6eZQSHxSQWC2y172CvZNUgmtZBzoxNWKHsBR33TWvAZnL+cb251a6275383b91 (default: 1.000000000 ARQ)
2019-09-07 23:14:17 No workers' balances reached the minimum payment threshold
2019-09-07 23:14:23 Using payout level of 20000.00 PLE for PLeavyiJcNiaoso8CnrYZuQKFJwpmwMHFGVXyh4ptZxCThuZq45VC7tSgcsPUwL3WVHPSrtv8zHCPVocFpNcEYzy5M3fanyQLr (default: 100.00 PLE)
2019-09-07 23:14:23 No workers' balances reached the minimum payment threshold
2019-09-07 23:24:17 Using payout level of 250.000000000 ARQ for ar3DrXowWeFdrCbwnfSWgchP9SSaMYnsyaU4M2kSwoTFJzZ5zSre6eZQSHxSQWC2y172CvZNUgmtZBzoxNWKHsBR33TWvAZnL+cb251a6275383b91 (default: 1.000000000 ARQ)
2019-09-07 23:24:17 No workers' balances reached the minimum payment threshold
2019-09-07 23:24:23 Using payout level of 20000.00 PLE for PLeavyiJcNiaoso8CnrYZuQKFJwpmwMHFGVXyh4ptZxCThuZq45VC7tSgcsPUwL3WVHPSrtv8zHCPVocFpNcEYzy5M3fanyQLr (default: 100.00 PLE)
2019-09-07 23:24:23 No workers' balances reached the minimum payment threshold
2019-09-07 23:34:17 Using payout level of 250.000000000 ARQ for ar3DrXowWeFdrCbwnfSWgchP9SSaMYnsyaU4M2kSwoTFJzZ5zSre6eZQSHxSQWC2y172CvZNUgmtZBzoxNWKHsBR33TWvAZnL+cb251a6275383b91 (default: 1.000000000 ARQ)
2019-09-07 23:34:17 No workers' balances reached the minimum payment threshold
2019-09-07 23:34:23 Using payout level of 20000.00 PLE for PLeavyiJcNiaoso8CnrYZuQKFJwpmwMHFGVXyh4ptZxCThuZq45VC7tSgcsPUwL3WVHPSrtv8zHCPVocFpNcEYzy5M3fanyQLr (default: 100.00 PLE)
2019-09-07 23:34:23 No workers' balances reached the minimum payment threshold
2019-09-07 23:44:17 Using payout level of 250.000000000 ARQ for ar3DrXowWeFdrCbwnfSWgchP9SSaMYnsyaU4M2kSwoTFJzZ5zSre6eZQSHxSQWC2y172CvZNUgmtZBzoxNWKHsBR33TWvAZnL+cb251a6275383b91 (default: 1.000000000 ARQ)
2019-09-07 23:44:17 No workers' balances reached the minimum payment threshold
2019-09-07 23:44:23 Using payout level of 20000.00 PLE for PLeavyiJcNiaoso8CnrYZuQKFJwpmwMHFGVXyh4ptZxCThuZq45VC7tSgcsPUwL3WVHPSrtv8zHCPVocFpNcEYzy5M3fanyQLr (default: 100.00 PLE)
2019-09-07 23:44:23 No workers' balances reached the minimum payment threshold
2019-09-07 23:54:17 Using payout level of 250.000000000 ARQ for ar3DrXowWeFdrCbwnfSWgchP9SSaMYnsyaU4M2kSwoTFJzZ5zSre6eZQSHxSQWC2y172CvZNUgmtZBzoxNWKHsBR33TWvAZnL+cb251a6275383b91 (default: 1.000000000 ARQ)
2019-09-07 23:54:17 No workers' balances reached the minimum payment threshold
2019-09-07 23:54:23 Using payout level of 20000.00 PLE for PLeavyiJcNiaoso8CnrYZuQKFJwpmwMHFGVXyh4ptZxCThuZq45VC7tSgcsPUwL3WVHPSrtv8zHCPVocFpNcEYzy5M3fanyQLr (default: 100.00 PLE)
2019-09-07 23:54:23 No workers' balances reached the minimum payment threshold
2019-09-08 00:04:17 Using payout level of 250.000000000 ARQ for ar3DrXowWeFdrCbwnfSWgchP9SSaMYnsyaU4M2kSwoTFJzZ5zSre6eZQSHxSQWC2y172CvZNUgmtZBzoxNWKHsBR33TWvAZnL+cb251a6275383b91 (default: 1.000000000 ARQ)
2019-09-08 00:04:17 No workers' balances reached the minimum payment threshold
2019-09-08 00:04:23 Using payout level of 20000.00 PLE for PLeavyiJcNiaoso8CnrYZuQKFJwpmwMHFGVXyh4ptZxCThuZq45VC7tSgcsPUwL3WVHPSrtv8zHCPVocFpNcEYzy5M3fanyQLr (default: 100.00 PLE)
2019-09-08 00:04:23 No workers' balances reached the minimum payment threshold
2019-09-08 00:14:17 Using payout level of 250.000000000 ARQ for ar3DrXowWeFdrCbwnfSWgchP9SSaMYnsyaU4M2kSwoTFJzZ5zSre6eZQSHxSQWC2y172CvZNUgmtZBzoxNWKHsBR33TWvAZnL+cb251a6275383b91 (default: 1.000000000 ARQ)
2019-09-08 00:14:17 No workers' balances reached the minimum payment threshold
2019-09-08 00:14:23 Using payout level of 20000.00 PLE for PLeavyiJcNiaoso8CnrYZuQKFJwpmwMHFGVXyh4ptZxCThuZq45VC7tSgcsPUwL3WVHPSrtv8zHCPVocFpNcEYzy5M3fanyQLr (default: 100.00 PLE)
2019-09-08 00:14:23 No workers' balances reached the minimum payment threshold
2019-09-08 00:24:17 Using payout level of 250.000000000 ARQ for ar3DrXowWeFdrCbwnfSWgchP9SSaMYnsyaU4M2kSwoTFJzZ5zSre6eZQSHxSQWC2y172CvZNUgmtZBzoxNWKHsBR33TWvAZnL+cb251a6275383b91 (default: 1.000000000 ARQ)
2019-09-08 00:24:17 No workers' balances reached the minimum payment threshold
2019-09-08 00:24:23 Using payout level of 20000.00 PLE for PLeavyiJcNiaoso8CnrYZuQKFJwpmwMHFGVXyh4ptZxCThuZq45VC7tSgcsPUwL3WVHPSrtv8zHCPVocFpNcEYzy5M3fanyQLr (default: 100.00 PLE)
2019-09-08 00:24:23 No workers' balances reached the minimum payment threshold
2019-09-08 00:34:17 Using payout level of 250.000000000 ARQ for ar3DrXowWeFdrCbwnfSWgchP9SSaMYnsyaU4M2kSwoTFJzZ5zSre6eZQSHxSQWC2y172CvZNUgmtZBzoxNWKHsBR33TWvAZnL+cb251a6275383b91 (default: 1.000000000 ARQ)
2019-09-08 00:34:17 No workers' balances reached the minimum payment threshold
2019-09-08 00:34:23 Using payout level of 20000.00 PLE for PLeavyiJcNiaoso8CnrYZuQKFJwpmwMHFGVXyh4ptZxCThuZq45VC7tSgcsPUwL3WVHPSrtv8zHCPVocFpNcEYzy5M3fanyQLr (default: 100.00 PLE)
2019-09-08 00:34:23 No workers' balances reached the minimum payment threshold
2019-09-08 00:44:17 Using payout level of 250.000000000 ARQ for ar3DrXowWeFdrCbwnfSWgchP9SSaMYnsyaU4M2kSwoTFJzZ5zSre6eZQSHxSQWC2y172CvZNUgmtZBzoxNWKHsBR33TWvAZnL+cb251a6275383b91 (default: 1.000000000 ARQ)
2019-09-08 00:44:17 No workers' balances reached the minimum payment threshold
2019-09-08 00:44:23 Using payout level of 20000.00 PLE for PLeavyiJcNiaoso8CnrYZuQKFJwpmwMHFGVXyh4ptZxCThuZq45VC7tSgcsPUwL3WVHPSrtv8zHCPVocFpNcEYzy5M3fanyQLr (default: 100.00 PLE)
2019-09-08 00:44:23 No workers' balances reached the minimum payment threshold
2019-09-08 00:54:17 Using payout level of 250.000000000 ARQ for ar3DrXowWeFdrCbwnfSWgchP9SSaMYnsyaU4M2kSwoTFJzZ5zSre6eZQSHxSQWC2y172CvZNUgmtZBzoxNWKHsBR33TWvAZnL+cb251a6275383b91 (default: 1.000000000 ARQ)
2019-09-08 00:54:17 No workers' balances reached the minimum payment threshold
2019-09-08 00:54:23 Using payout level of 20000.00 PLE for PLeavyiJcNiaoso8CnrYZuQKFJwpmwMHFGVXyh4ptZxCThuZq45VC7tSgcsPUwL3WVHPSrtv8zHCPVocFpNcEYzy5M3fanyQLr (default: 100.00 PLE)
2019-09-08 00:54:23 No workers' balances reached the minimum payment threshold
2019-09-08 01:04:17 Using payout level of 250.000000000 ARQ for ar3DrXowWeFdrCbwnfSWgchP9SSaMYnsyaU4M2kSwoTFJzZ5zSre6eZQSHxSQWC2y172CvZNUgmtZBzoxNWKHsBR33TWvAZnL+cb251a6275383b91 (default: 1.000000000 ARQ)
2019-09-08 01:04:17 No workers' balances reached the minimum payment threshold
2019-09-08 01:04:23 Using payout level of 20000.00 PLE for PLeavyiJcNiaoso8CnrYZuQKFJwpmwMHFGVXyh4ptZxCThuZq45VC7tSgcsPUwL3WVHPSrtv8zHCPVocFpNcEYzy5M3fanyQLr (default: 100.00 PLE)
2019-09-08 01:04:23 No workers' balances reached the minimum payment threshold
2019-09-08 01:14:17 Using payout level of 250.000000000 ARQ for ar3DrXowWeFdrCbwnfSWgchP9SSaMYnsyaU4M2kSwoTFJzZ5zSre6eZQSHxSQWC2y172CvZNUgmtZBzoxNWKHsBR33TWvAZnL+cb251a6275383b91 (default: 1.000000000 ARQ)
2019-09-08 01:14:17 No workers' balances reached the minimum payment threshold
2019-09-08 01:14:23 Using payout level of 20000.00 PLE for PLeavyiJcNiaoso8CnrYZuQKFJwpmwMHFGVXyh4ptZxCThuZq45VC7tSgcsPUwL3WVHPSrtv8zHCPVocFpNcEYzy5M3fanyQLr (default: 100.00 PLE)
2019-09-08 01:14:23 No workers' balances reached the minimum payment threshold
2019-09-08 01:24:17 Using payout level of 250.000000000 ARQ for ar3DrXowWeFdrCbwnfSWgchP9SSaMYnsyaU4M2kSwoTFJzZ5zSre6eZQSHxSQWC2y172CvZNUgmtZBzoxNWKHsBR33TWvAZnL+cb251a6275383b91 (default: 1.000000000 ARQ)
2019-09-08 01:24:17 No workers' balances reached the minimum payment threshold
2019-09-08 01:24:23 Using payout level of 20000.00 PLE for PLeavyiJcNiaoso8CnrYZuQKFJwpmwMHFGVXyh4ptZxCThuZq45VC7tSgcsPUwL3WVHPSrtv8zHCPVocFpNcEYzy5M3fanyQLr (default: 100.00 PLE)
2019-09-08 01:24:23 No workers' balances reached the minimum payment threshold
2019-09-08 01:34:17 Using payout level of 250.000000000 ARQ for ar3DrXowWeFdrCbwnfSWgchP9SSaMYnsyaU4M2kSwoTFJzZ5zSre6eZQSHxSQWC2y172CvZNUgmtZBzoxNWKHsBR33TWvAZnL+cb251a6275383b91 (default: 1.000000000 ARQ)
2019-09-08 01:34:17 No workers' balances reached the minimum payment threshold
2019-09-08 01:34:23 Using payout level of 20000.00 PLE for PLeavyiJcNiaoso8CnrYZuQKFJwpmwMHFGVXyh4ptZxCThuZq45VC7tSgcsPUwL3WVHPSrtv8zHCPVocFpNcEYzy5M3fanyQLr (default: 100.00 PLE)
2019-09-08 01:34:23 No workers' balances reached the minimum payment threshold
2019-09-08 01:44:17 Using payout level of 250.000000000 ARQ for ar3DrXowWeFdrCbwnfSWgchP9SSaMYnsyaU4M2kSwoTFJzZ5zSre6eZQSHxSQWC2y172CvZNUgmtZBzoxNWKHsBR33TWvAZnL+cb251a6275383b91 (default: 1.000000000 ARQ)
2019-09-08 01:44:17 No workers' balances reached the minimum payment threshold
2019-09-08 01:44:23 Using payout level of 20000.00 PLE for PLeavyiJcNiaoso8CnrYZuQKFJwpmwMHFGVXyh4ptZxCThuZq45VC7tSgcsPUwL3WVHPSrtv8zHCPVocFpNcEYzy5M3fanyQLr (default: 100.00 PLE)
2019-09-08 01:44:23 No workers' balances reached the minimum payment threshold
2019-09-08 01:54:17 Using payout level of 250.000000000 ARQ for ar3DrXowWeFdrCbwnfSWgchP9SSaMYnsyaU4M2kSwoTFJzZ5zSre6eZQSHxSQWC2y172CvZNUgmtZBzoxNWKHsBR33TWvAZnL+cb251a6275383b91 (default: 1.000000000 ARQ)
2019-09-08 01:54:17 No workers' balances reached the minimum payment threshold
2019-09-08 01:54:23 Using payout level of 20000.00 PLE for PLeavyiJcNiaoso8CnrYZuQKFJwpmwMHFGVXyh4ptZxCThuZq45VC7tSgcsPUwL3WVHPSrtv8zHCPVocFpNcEYzy5M3fanyQLr (default: 100.00 PLE)
2019-09-08 01:54:23 No workers' balances reached the minimum payment threshold
2019-09-08 02:04:17 Using payout level of 250.000000000 ARQ for ar3DrXowWeFdrCbwnfSWgchP9SSaMYnsyaU4M2kSwoTFJzZ5zSre6eZQSHxSQWC2y172CvZNUgmtZBzoxNWKHsBR33TWvAZnL+cb251a6275383b91 (default: 1.000000000 ARQ)
2019-09-08 02:04:17 No workers' balances reached the minimum payment threshold
2019-09-08 02:04:23 Using payout level of 20000.00 PLE for PLeavyiJcNiaoso8CnrYZuQKFJwpmwMHFGVXyh4ptZxCThuZq45VC7tSgcsPUwL3WVHPSrtv8zHCPVocFpNcEYzy5M3fanyQLr (default: 100.00 PLE)
2019-09-08 02:04:23 No workers' balances reached the minimum payment threshold
2019-09-08 02:14:17 Using payout level of 250.000000000 ARQ for ar3DrXowWeFdrCbwnfSWgchP9SSaMYnsyaU4M2kSwoTFJzZ5zSre6eZQSHxSQWC2y172CvZNUgmtZBzoxNWKHsBR33TWvAZnL+cb251a6275383b91 (default: 1.000000000 ARQ)
2019-09-08 02:14:17 No workers' balances reached the minimum payment threshold
2019-09-08 02:14:23 Using payout level of 20000.00 PLE for PLeavyiJcNiaoso8CnrYZuQKFJwpmwMHFGVXyh4ptZxCThuZq45VC7tSgcsPUwL3WVHPSrtv8zHCPVocFpNcEYzy5M3fanyQLr (default: 100.00 PLE)
2019-09-08 02:14:23 No workers' balances reached the minimum payment threshold
2019-09-08 02:24:17 Using payout level of 250.000000000 ARQ for ar3DrXowWeFdrCbwnfSWgchP9SSaMYnsyaU4M2kSwoTFJzZ5zSre6eZQSHxSQWC2y172CvZNUgmtZBzoxNWKHsBR33TWvAZnL+cb251a6275383b91 (default: 1.000000000 ARQ)
2019-09-08 02:24:17 No workers' balances reached the minimum payment threshold
2019-09-08 02:24:23 Using payout level of 20000.00 PLE for PLeavyiJcNiaoso8CnrYZuQKFJwpmwMHFGVXyh4ptZxCThuZq45VC7tSgcsPUwL3WVHPSrtv8zHCPVocFpNcEYzy5M3fanyQLr (default: 100.00 PLE)
2019-09-08 02:24:23 No workers' balances reached the minimum payment threshold
2019-09-08 02:34:17 Using payout level of 250.000000000 ARQ for ar3DrXowWeFdrCbwnfSWgchP9SSaMYnsyaU4M2kSwoTFJzZ5zSre6eZQSHxSQWC2y172CvZNUgmtZBzoxNWKHsBR33TWvAZnL+cb251a6275383b91 (default: 1.000000000 ARQ)
2019-09-08 02:34:17 No workers' balances reached the minimum payment threshold
2019-09-08 02:34:23 Using payout level of 20000.00 PLE for PLeavyiJcNiaoso8CnrYZuQKFJwpmwMHFGVXyh4ptZxCThuZq45VC7tSgcsPUwL3WVHPSrtv8zHCPVocFpNcEYzy5M3fanyQLr (default: 100.00 PLE)
2019-09-08 02:34:23 No workers' balances reached the minimum payment threshold
2019-09-08 02:44:17 Using payout level of 250.000000000 ARQ for ar3DrXowWeFdrCbwnfSWgchP9SSaMYnsyaU4M2kSwoTFJzZ5zSre6eZQSHxSQWC2y172CvZNUgmtZBzoxNWKHsBR33TWvAZnL+cb251a6275383b91 (default: 1.000000000 ARQ)
2019-09-08 02:44:17 No workers' balances reached the minimum payment threshold
2019-09-08 02:44:23 Using payout level of 20000.00 PLE for PLeavyiJcNiaoso8CnrYZuQKFJwpmwMHFGVXyh4ptZxCThuZq45VC7tSgcsPUwL3WVHPSrtv8zHCPVocFpNcEYzy5M3fanyQLr (default: 100.00 PLE)
2019-09-08 02:44:23 No workers' balances reached the minimum payment threshold
2019-09-08 02:54:17 Using payout level of 250.000000000 ARQ for ar3DrXowWeFdrCbwnfSWgchP9SSaMYnsyaU4M2kSwoTFJzZ5zSre6eZQSHxSQWC2y172CvZNUgmtZBzoxNWKHsBR33TWvAZnL+cb251a6275383b91 (default: 1.000000000 ARQ)
2019-09-08 02:54:17 No workers' balances reached the minimum payment threshold
2019-09-08 02:54:23 Using payout level of 20000.00 PLE for PLeavyiJcNiaoso8CnrYZuQKFJwpmwMHFGVXyh4ptZxCThuZq45VC7tSgcsPUwL3WVHPSrtv8zHCPVocFpNcEYzy5M3fanyQLr (default: 100.00 PLE)
2019-09-08 02:54:23 No workers' balances reached the minimum payment threshold
2019-09-08 03:04:17 Using payout level of 250.000000000 ARQ for ar3DrXowWeFdrCbwnfSWgchP9SSaMYnsyaU4M2kSwoTFJzZ5zSre6eZQSHxSQWC2y172CvZNUgmtZBzoxNWKHsBR33TWvAZnL+cb251a6275383b91 (default: 1.000000000 ARQ)
2019-09-08 03:04:17 No workers' balances reached the minimum payment threshold
2019-09-08 03:04:23 Using payout level of 20000.00 PLE for PLeavyiJcNiaoso8CnrYZuQKFJwpmwMHFGVXyh4ptZxCThuZq45VC7tSgcsPUwL3WVHPSrtv8zHCPVocFpNcEYzy5M3fanyQLr (default: 100.00 PLE)
2019-09-08 03:04:23 No workers' balances reached the minimum payment threshold
2019-09-08 03:14:17 Using payout level of 250.000000000 ARQ for ar3DrXowWeFdrCbwnfSWgchP9SSaMYnsyaU4M2kSwoTFJzZ5zSre6eZQSHxSQWC2y172CvZNUgmtZBzoxNWKHsBR33TWvAZnL+cb251a6275383b91 (default: 1.000000000 ARQ)
2019-09-08 03:14:17 No workers' balances reached the minimum payment threshold
2019-09-08 03:14:23 Using payout level of 20000.00 PLE for PLeavyiJcNiaoso8CnrYZuQKFJwpmwMHFGVXyh4ptZxCThuZq45VC7tSgcsPUwL3WVHPSrtv8zHCPVocFpNcEYzy5M3fanyQLr (default: 100.00 PLE)
2019-09-08 03:14:23 No workers' balances reached the minimum payment threshold
2019-09-08 03:24:17 Using payout level of 250.000000000 ARQ for ar3DrXowWeFdrCbwnfSWgchP9SSaMYnsyaU4M2kSwoTFJzZ5zSre6eZQSHxSQWC2y172CvZNUgmtZBzoxNWKHsBR33TWvAZnL+cb251a6275383b91 (default: 1.000000000 ARQ)
2019-09-08 03:24:17 No workers' balances reached the minimum payment threshold
2019-09-08 03:24:23 Using payout level of 20000.00 PLE for PLeavyiJcNiaoso8CnrYZuQKFJwpmwMHFGVXyh4ptZxCThuZq45VC7tSgcsPUwL3WVHPSrtv8zHCPVocFpNcEYzy5M3fanyQLr (default: 100.00 PLE)
2019-09-08 03:24:23 No workers' balances reached the minimum payment threshold
2019-09-08 03:34:17 Using payout level of 250.000000000 ARQ for ar3DrXowWeFdrCbwnfSWgchP9SSaMYnsyaU4M2kSwoTFJzZ5zSre6eZQSHxSQWC2y172CvZNUgmtZBzoxNWKHsBR33TWvAZnL+cb251a6275383b91 (default: 1.000000000 ARQ)
2019-09-08 03:34:17 No workers' balances reached the minimum payment threshold
2019-09-08 03:34:23 Using payout level of 20000.00 PLE for PLeavyiJcNiaoso8CnrYZuQKFJwpmwMHFGVXyh4ptZxCThuZq45VC7tSgcsPUwL3WVHPSrtv8zHCPVocFpNcEYzy5M3fanyQLr (default: 100.00 PLE)
2019-09-08 03:34:23 No workers' balances reached the minimum payment threshold
2019-09-08 03:44:17 Using payout level of 250.000000000 ARQ for ar3DrXowWeFdrCbwnfSWgchP9SSaMYnsyaU4M2kSwoTFJzZ5zSre6eZQSHxSQWC2y172CvZNUgmtZBzoxNWKHsBR33TWvAZnL+cb251a6275383b91 (default: 1.000000000 ARQ)
2019-09-08 03:44:17 No workers' balances reached the minimum payment threshold
2019-09-08 03:44:23 Using payout level of 20000.00 PLE for PLeavyiJcNiaoso8CnrYZuQKFJwpmwMHFGVXyh4ptZxCThuZq45VC7tSgcsPUwL3WVHPSrtv8zHCPVocFpNcEYzy5M3fanyQLr (default: 100.00 PLE)
2019-09-08 03:44:23 No workers' balances reached the minimum payment threshold
2019-09-08 03:54:17 Using payout level of 250.000000000 ARQ for ar3DrXowWeFdrCbwnfSWgchP9SSaMYnsyaU4M2kSwoTFJzZ5zSre6eZQSHxSQWC2y172CvZNUgmtZBzoxNWKHsBR33TWvAZnL+cb251a6275383b91 (default: 1.000000000 ARQ)
2019-09-08 03:54:17 No workers' balances reached the minimum payment threshold
2019-09-08 03:54:23 Using payout level of 20000.00 PLE for PLeavyiJcNiaoso8CnrYZuQKFJwpmwMHFGVXyh4ptZxCThuZq45VC7tSgcsPUwL3WVHPSrtv8zHCPVocFpNcEYzy5M3fanyQLr (default: 100.00 PLE)
2019-09-08 03:54:23 No workers' balances reached the minimum payment threshold
2019-09-08 04:04:17 Using payout level of 250.000000000 ARQ for ar3DrXowWeFdrCbwnfSWgchP9SSaMYnsyaU4M2kSwoTFJzZ5zSre6eZQSHxSQWC2y172CvZNUgmtZBzoxNWKHsBR33TWvAZnL+cb251a6275383b91 (default: 1.000000000 ARQ)
2019-09-08 04:04:17 No workers' balances reached the minimum payment threshold
2019-09-08 04:04:23 Using payout level of 20000.00 PLE for PLeavyiJcNiaoso8CnrYZuQKFJwpmwMHFGVXyh4ptZxCThuZq45VC7tSgcsPUwL3WVHPSrtv8zHCPVocFpNcEYzy5M3fanyQLr (default: 100.00 PLE)
2019-09-08 04:04:23 No workers' balances reached the minimum payment threshold
2019-09-08 04:14:17 Using payout level of 250.000000000 ARQ for ar3DrXowWeFdrCbwnfSWgchP9SSaMYnsyaU4M2kSwoTFJzZ5zSre6eZQSHxSQWC2y172CvZNUgmtZBzoxNWKHsBR33TWvAZnL+cb251a6275383b91 (default: 1.000000000 ARQ)
2019-09-08 04:14:17 No workers' balances reached the minimum payment threshold
2019-09-08 04:14:23 Using payout level of 20000.00 PLE for PLeavyiJcNiaoso8CnrYZuQKFJwpmwMHFGVXyh4ptZxCThuZq45VC7tSgcsPUwL3WVHPSrtv8zHCPVocFpNcEYzy5M3fanyQLr (default: 100.00 PLE)
2019-09-08 04:14:23 No workers' balances reached the minimum payment threshold
2019-09-08 04:24:17 Using payout level of 250.000000000 ARQ for ar3DrXowWeFdrCbwnfSWgchP9SSaMYnsyaU4M2kSwoTFJzZ5zSre6eZQSHxSQWC2y172CvZNUgmtZBzoxNWKHsBR33TWvAZnL+cb251a6275383b91 (default: 1.000000000 ARQ)
2019-09-08 04:24:17 No workers' balances reached the minimum payment threshold
2019-09-08 04:24:23 Using payout level of 20000.00 PLE for PLeavyiJcNiaoso8CnrYZuQKFJwpmwMHFGVXyh4ptZxCThuZq45VC7tSgcsPUwL3WVHPSrtv8zHCPVocFpNcEYzy5M3fanyQLr (default: 100.00 PLE)
2019-09-08 04:24:23 No workers' balances reached the minimum payment threshold
2019-09-08 04:34:17 Using payout level of 250.000000000 ARQ for ar3DrXowWeFdrCbwnfSWgchP9SSaMYnsyaU4M2kSwoTFJzZ5zSre6eZQSHxSQWC2y172CvZNUgmtZBzoxNWKHsBR33TWvAZnL+cb251a6275383b91 (default: 1.000000000 ARQ)
2019-09-08 04:34:17 No workers' balances reached the minimum payment threshold
2019-09-08 04:34:23 Using payout level of 20000.00 PLE for PLeavyiJcNiaoso8CnrYZuQKFJwpmwMHFGVXyh4ptZxCThuZq45VC7tSgcsPUwL3WVHPSrtv8zHCPVocFpNcEYzy5M3fanyQLr (default: 100.00 PLE)
2019-09-08 04:34:23 No workers' balances reached the minimum payment threshold
2019-09-08 04:44:17 Using payout level of 250.000000000 ARQ for ar3DrXowWeFdrCbwnfSWgchP9SSaMYnsyaU4M2kSwoTFJzZ5zSre6eZQSHxSQWC2y172CvZNUgmtZBzoxNWKHsBR33TWvAZnL+cb251a6275383b91 (default: 1.000000000 ARQ)
2019-09-08 04:44:17 No workers' balances reached the minimum payment threshold
2019-09-08 04:44:23 Using payout level of 20000.00 PLE for PLeavyiJcNiaoso8CnrYZuQKFJwpmwMHFGVXyh4ptZxCThuZq45VC7tSgcsPUwL3WVHPSrtv8zHCPVocFpNcEYzy5M3fanyQLr (default: 100.00 PLE)
2019-09-08 04:44:23 No workers' balances reached the minimum payment threshold
2019-09-08 04:54:17 Using payout level of 250.000000000 ARQ for ar3DrXowWeFdrCbwnfSWgchP9SSaMYnsyaU4M2kSwoTFJzZ5zSre6eZQSHxSQWC2y172CvZNUgmtZBzoxNWKHsBR33TWvAZnL+cb251a6275383b91 (default: 1.000000000 ARQ)
2019-09-08 04:54:17 No workers' balances reached the minimum payment threshold
2019-09-08 04:54:23 Using payout level of 20000.00 PLE for PLeavyiJcNiaoso8CnrYZuQKFJwpmwMHFGVXyh4ptZxCThuZq45VC7tSgcsPUwL3WVHPSrtv8zHCPVocFpNcEYzy5M3fanyQLr (default: 100.00 PLE)
2019-09-08 04:54:23 No workers' balances reached the minimum payment threshold
2019-09-08 05:04:17 Using payout level of 250.000000000 ARQ for ar3DrXowWeFdrCbwnfSWgchP9SSaMYnsyaU4M2kSwoTFJzZ5zSre6eZQSHxSQWC2y172CvZNUgmtZBzoxNWKHsBR33TWvAZnL+cb251a6275383b91 (default: 1.000000000 ARQ)
2019-09-08 05:04:17 No workers' balances reached the minimum payment threshold
2019-09-08 05:04:23 Using payout level of 20000.00 PLE for PLeavyiJcNiaoso8CnrYZuQKFJwpmwMHFGVXyh4ptZxCThuZq45VC7tSgcsPUwL3WVHPSrtv8zHCPVocFpNcEYzy5M3fanyQLr (default: 100.00 PLE)
2019-09-08 05:04:23 No workers' balances reached the minimum payment threshold
2019-09-08 05:14:17 Using payout level of 250.000000000 ARQ for ar3DrXowWeFdrCbwnfSWgchP9SSaMYnsyaU4M2kSwoTFJzZ5zSre6eZQSHxSQWC2y172CvZNUgmtZBzoxNWKHsBR33TWvAZnL+cb251a6275383b91 (default: 1.000000000 ARQ)
2019-09-08 05:14:17 No workers' balances reached the minimum payment threshold
2019-09-08 05:14:23 Using payout level of 20000.00 PLE for PLeavyiJcNiaoso8CnrYZuQKFJwpmwMHFGVXyh4ptZxCThuZq45VC7tSgcsPUwL3WVHPSrtv8zHCPVocFpNcEYzy5M3fanyQLr (default: 100.00 PLE)
2019-09-08 05:14:23 No workers' balances reached the minimum payment threshold
2019-09-08 05:24:17 Using payout level of 250.000000000 ARQ for ar3DrXowWeFdrCbwnfSWgchP9SSaMYnsyaU4M2kSwoTFJzZ5zSre6eZQSHxSQWC2y172CvZNUgmtZBzoxNWKHsBR33TWvAZnL+cb251a6275383b91 (default: 1.000000000 ARQ)
2019-09-08 05:24:17 No workers' balances reached the minimum payment threshold
2019-09-08 05:24:23 Using payout level of 20000.00 PLE for PLeavyiJcNiaoso8CnrYZuQKFJwpmwMHFGVXyh4ptZxCThuZq45VC7tSgcsPUwL3WVHPSrtv8zHCPVocFpNcEYzy5M3fanyQLr (default: 100.00 PLE)
2019-09-08 05:24:24 Payments sent via wallet daemon {"transactionHash":"bc9186199a433fe28d523a2553ceff4d08258dc0ea4285b57e3e00c702960241"}
2019-09-08 05:24:24 Payment of 22787.25 PLE to PLeavyiJcNiaoso8CnrYZuQKFJwpmwMHFGVXyh4ptZxCThuZq45VC7tSgcsPUwL3WVHPSrtv8zHCPVocFpNcEYzy5M3fanyQLr
2019-09-08 05:24:24 Payments splintered and 1 successfully sent, 0 failed
2019-09-08 05:34:17 Using payout level of 250.000000000 ARQ for ar3DrXowWeFdrCbwnfSWgchP9SSaMYnsyaU4M2kSwoTFJzZ5zSre6eZQSHxSQWC2y172CvZNUgmtZBzoxNWKHsBR33TWvAZnL+cb251a6275383b91 (default: 1.000000000 ARQ)
2019-09-08 05:34:17 No workers' balances reached the minimum payment threshold
2019-09-08 05:34:24 Using payout level of 20000.00 PLE for PLeavyiJcNiaoso8CnrYZuQKFJwpmwMHFGVXyh4ptZxCThuZq45VC7tSgcsPUwL3WVHPSrtv8zHCPVocFpNcEYzy5M3fanyQLr (default: 100.00 PLE)
2019-09-08 05:34:24 No workers' balances reached the minimum payment threshold
2019-09-08 05:44:17 Using payout level of 250.000000000 ARQ for ar3DrXowWeFdrCbwnfSWgchP9SSaMYnsyaU4M2kSwoTFJzZ5zSre6eZQSHxSQWC2y172CvZNUgmtZBzoxNWKHsBR33TWvAZnL+cb251a6275383b91 (default: 1.000000000 ARQ)
2019-09-08 05:44:17 No workers' balances reached the minimum payment threshold
2019-09-08 05:44:24 Using payout level of 20000.00 PLE for PLeavyiJcNiaoso8CnrYZuQKFJwpmwMHFGVXyh4ptZxCThuZq45VC7tSgcsPUwL3WVHPSrtv8zHCPVocFpNcEYzy5M3fanyQLr (default: 100.00 PLE)
2019-09-08 05:44:24 No workers' balances reached the minimum payment threshold
2019-09-08 05:54:17 Using payout level of 250.000000000 ARQ for ar3DrXowWeFdrCbwnfSWgchP9SSaMYnsyaU4M2kSwoTFJzZ5zSre6eZQSHxSQWC2y172CvZNUgmtZBzoxNWKHsBR33TWvAZnL+cb251a6275383b91 (default: 1.000000000 ARQ)
2019-09-08 05:54:17 No workers' balances reached the minimum payment threshold
2019-09-08 05:54:24 Using payout level of 20000.00 PLE for PLeavyiJcNiaoso8CnrYZuQKFJwpmwMHFGVXyh4ptZxCThuZq45VC7tSgcsPUwL3WVHPSrtv8zHCPVocFpNcEYzy5M3fanyQLr (default: 100.00 PLE)
2019-09-08 05:54:24 No workers' balances reached the minimum payment threshold
